[0912/181605:ERROR:process_info.cc(330)] VirtualQueryEx: Access is denied. (0x5)
[0912/181605:ERROR:process_info.cc(547)] ReadMemoryInfo failed
[0912/181605:ERROR:process_info.cc(608)] range at 0xfffde000, size 0x230 fully unreadable
[0912/181605:ERROR:process_reader_win.cc(233)] ReadMemory at 0xfffde000 of 560 bytes failed: Only part of a ReadProcessMemory or WriteProcessMemory request was completed. (0x12B)
[0912/181605:ERROR:process_snapshot_win.cc(359)] ReadMemory PEB
[0912/181605:ERROR:process_reader_win.cc(233)] ReadMemory at 0xb20000 of 64 bytes failed: Only part of a ReadProcessMemory or WriteProcessMemory request was completed. (0x12B)
[0912/181605:WARNING:pe_image_reader.cc(281)] could not read dos header from C:\Program Files (x86)\Google\Chrome\Application\chrome.exe
[0912/181605:ERROR:process_reader_win.cc(233)] ReadMemory at 0x77130000 of 64 bytes failed: Only part of a ReadProcessMemory or WriteProcessMemory request was completed. (0x12B)
[0912/181605:WARNING:pe_image_reader.cc(281)] could not read dos header from C:\Windows\SysWOW64\ntdll.dll
[0912/181605:ERROR:process_reader_win.cc(233)] ReadMemory at 0x76880000 of 64 bytes failed: Only part of a ReadProcessMemory or WriteProcessMemory request was completed. (0x12B)
[0912/181605:WARNING:pe_image_reader.cc(281)] could not read dos header from C:\Windows\syswow64\KERNELBASE.dll
[0912/181605:ERROR:process_reader_win.cc(233)] ReadMemory at 0x75d30000 of 64 bytes failed: Only part of a ReadProcessMemory or WriteProcessMemory request was completed. (0x12B)
[0912/181605:WARNING:pe_image_reader.cc(281)] could not read dos header from C:\Windows\syswow64\KERNEL32.dll
[0912/181605:ERROR:process_reader_win.cc(233)] ReadMemory at 0x6e150000 of 64 bytes failed: Only part of a ReadProcessMemory or WriteProcessMemory request was completed. (0x12B)
[0912/181605:WARNING:pe_image_reader.cc(281)] could not read dos header from C:\Program Files\AVAST Software\Avast\snxhk.dll
[0912/181605:ERROR:process_reader_win.cc(233)] ReadMemory at 0x76160000 of 64 bytes failed: Only part of a ReadProcessMemory or WriteProcessMemory request was completed. (0x12B)
[0912/181605:WARNING:pe_image_reader.cc(281)] could not read dos header from C:\Windows\syswow64\msvcrt.dll
[0912/181605:ERROR:process_reader_win.cc(233)] ReadMemory at 0x74a70000 of 64 bytes failed: Only part of a ReadProcessMemory or WriteProcessMemory request was completed. (0x12B)
[0912/181605:WARNING:pe_image_reader.cc(281)] could not read dos header from C:\Windows\syswow64\CRYPTBASE.dll
[0912/181605:ERROR:process_reader_win.cc(233)] ReadMemory at 0x74a80000 of 64 bytes failed: Only part of a ReadProcessMemory or WriteProcessMemory request was completed. (0x12B)
[0912/181605:WARNING:pe_image_reader.cc(281)] could not read dos header from C:\Windows\syswow64\SspiCli.dll
[0912/181605:ERROR:process_reader_win.cc(233)] ReadMemory at 0x76790000 of 64 bytes failed: Only part of a ReadProcessMemory or WriteProcessMemory request was completed. (0x12B)
[0912/181605:WARNING:pe_image_reader.cc(281)] could not read dos header from C:\Windows\syswow64\RPCRT4.dll
[0912/181605:ERROR:process_reader_win.cc(233)] ReadMemory at 0x76420000 of 64 bytes failed: Only part of a ReadProcessMemory or WriteProcessMemory request was completed. (0x12B)
[0912/181605:WARNING:pe_image_reader.cc(281)] could not read dos header from C:\Windows\SysWOW64\sechost.dll
[0912/181605:ERROR:process_reader_win.cc(233)] ReadMemory at 0x75a90000 of 64 bytes failed: Only part of a ReadProcessMemory or WriteProcessMemory request was completed. (0x12B)
[0912/181605:WARNING:pe_image_reader.cc(281)] could not read dos header from C:\Windows\syswow64\ADVAPI32.dll
[0912/181605:ERROR:process_reader_win.cc(233)] ReadMemory at 0x73a80000 of 64 bytes failed: Only part of a ReadProcessMemory or WriteProcessMemory request was completed. (0x12B)
[0912/181605:WARNING:pe_image_reader.cc(281)] could not read dos header from C:\Program Files (x86)\Google\Chrome\Application\52.0.2743.116\chrome_elf.dll
[0912/181605:ERROR:process_reader_win.cc(233)] ReadMemory at 0x732c0000 of 64 bytes failed: Only part of a ReadProcessMemory or WriteProcessMemory request was completed. (0x12B)
[0912/181605:WARNING:pe_image_reader.cc(281)] could not read dos header from C:\Windows\system32\VERSION.dll
[0912/181605:ERROR:process_reader_win.cc(233)] ReadMemory at 0x76ad0000 of 64 bytes failed: Only part of a ReadProcessMemory or WriteProcessMemory request was completed. (0x12B)
[0912/181605:WARNING:pe_image_reader.cc(281)] could not read dos header from C:\Windows\syswow64\USP10.dll
[0912/181605:ERROR:process_reader_win.cc(233)] ReadMemory at 0x76930000 of 64 bytes failed: Only part of a ReadProcessMemory or WriteProcessMemory request was completed. (0x12B)
[0912/181605:WARNING:pe_image_reader.cc(281)] could not read dos header from C:\Windows\syswow64\LPK.dll
[0912/181605:ERROR:process_reader_win.cc(233)] ReadMemory at 0x764d0000 of 64 bytes failed: Only part of a ReadProcessMemory or WriteProcessMemory request was completed. (0x12B)
[0912/181605:WARNING:pe_image_reader.cc(281)] could not read dos header from C:\Windows\syswow64\GDI32.dll
[0912/181605:ERROR:process_reader_win.cc(233)] ReadMemory at 0x76680000 of 64 bytes failed: Only part of a ReadProcessMemory or WriteProcessMemory request was completed. (0x12B)
[0912/181605:WARNING:pe_image_reader.cc(281)] could not read dos header from C:\Windows\syswow64\USER32.dll
[0912/181605:ERROR:process_reader_win.cc(233)] ReadMemory at 0x739f0000 of 64 bytes failed: Only part of a ReadProcessMemory or WriteProcessMemory request was completed. (0x12B)
[0912/181605:WARNING:pe_image_reader.cc(281)] could not read dos header from C:\Windows\system32\WINMM.dll
[0912/181605:ERROR:process_reader_win.cc(233)] ReadMemory at 0x76670000 of 64 bytes failed: Only part of a ReadProcessMemory or WriteProcessMemory request was completed. (0x12B)
[0912/181605:WARNING:pe_image_reader.cc(281)] could not read dos header from C:\Windows\syswow64\profapi.dll
[0912/181605:ERROR:process_reader_win.cc(233)] ReadMemory at 0x76ab0000 of 64 bytes failed: Only part of a ReadProcessMemory or WriteProcessMemory request was completed. (0x12B)
[0912/181605:WARNING:pe_image_reader.cc(281)] could not read dos header from C:\Windows\syswow64\USERENV.dll
[0912/181605:ERROR:process_reader_win.cc(233)] ReadMemory at 0x72340000 of 64 bytes failed: Only part of a ReadProcessMemory or WriteProcessMemory request was completed. (0x12B)
[0912/181605:WARNING:pe_image_reader.cc(281)] could not read dos header from C:\Windows\system32\WTSAPI32.dll
[0912/181605:ERROR:process_reader_win.cc(233)] ReadMemory at 0x725b0000 of 64 bytes failed: Only part of a ReadProcessMemory or WriteProcessMemory request was completed. (0x12B)
[0912/181605:WARNING:pe_image_reader.cc(281)] could not read dos header from C:\Windows\system32\webio.dll
[0912/181605:ERROR:process_reader_win.cc(233)] ReadMemory at 0x72600000 of 64 bytes failed: Only part of a ReadProcessMemory or WriteProcessMemory request was completed. (0x12B)
[0912/181605:WARNING:pe_image_reader.cc(281)] could not read dos header from C:\Windows\system32\WINHTTP.dll
[0912/181605:ERROR:process_reader_win.cc(233)] ReadMemory at 0x71350000 of 64 bytes failed: Only part of a ReadProcessMemory or WriteProcessMemory request was completed. (0x12B)
[0912/181605:WARNING:pe_image_reader.cc(281)] could not read dos header from C:\Windows\system32\api-ms-win-core-synch-l1-2-0.DLL
[0912/181605:ERROR:process_reader_win.cc(233)] ReadMemory at 0x76090000 of 64 bytes failed: Only part of a ReadProcessMemory or WriteProcessMemory request was completed. (0x12B)
[0912/181605:WARNING:pe_image_reader.cc(281)] could not read dos header from C:\Windows\syswow64\MSCTF.dll
[0912/181605:ERROR:process_reader_win.cc(233)] ReadMemory at 0x75e50000 of 64 bytes failed: Only part of a ReadProcessMemory or WriteProcessMemory request was completed. (0x12B)
[0912/181605:WARNING:pe_image_reader.cc(281)] could not read dos header from C:\Windows\system32\IMM32.DLL
[0912/181605:ERROR:process_reader_win.cc(233)] ReadMemory at 0x768d0000 of 64 bytes failed: Only part of a ReadProcessMemory or WriteProcessMemory request was completed. (0x12B)
[0912/181605:WARNING:pe_image_reader.cc(281)] could not read dos header from C:\Windows\syswow64\SHLWAPI.dll
[0912/181605:ERROR:process_reader_win.cc(233)] ReadMemory at 0x74af0000 of 64 bytes failed: Only part of a ReadProcessMemory or WriteProcessMemory request was completed. (0x12B)
[0912/181605:WARNING:pe_image_reader.cc(281)] could not read dos header from C:\Windows\syswow64\SHELL32.dll
[0912/181605:ERROR:process_reader_win.cc(233)] ReadMemory at 0x76560000 of 64 bytes failed: Only part of a ReadProcessMemory or WriteProcessMemory request was completed. (0x12B)
[0912/181605:WARNING:pe_image_reader.cc(281)] could not read dos header from C:\Windows\syswow64\PSAPI.DLL
[0912/181605:ERROR:process_reader_win.cc(233)] ReadMemory at 0x732d0000 of 64 bytes failed: Only part of a ReadProcessMemory or WriteProcessMemory request was completed. (0x12B)
[0912/181605:WARNING:pe_image_reader.cc(281)] could not read dos header from C:\Windows\system32\WINSPOOL.DRV
[0912/181605:ERROR:process_reader_win.cc(233)] ReadMemory at 0x70130000 of 64 bytes failed: Only part of a ReadProcessMemory or WriteProcessMemory request was completed. (0x12B)
[0912/181605:WARNING:pe_image_reader.cc(281)] could not read dos header from C:\Windows\WinSxS\x86_microsoft.windows.common-controls_6595b64144ccf1df_6.0.7601.18837_none_41e855142bd5705d\COMCTL32.dll
[0912/181605:ERROR:process_reader_win.cc(233)] ReadMemory at 0x75b40000 of 64 bytes failed: Only part of a ReadProcessMemory or WriteProcessMemory request was completed. (0x12B)
[0912/181605:WARNING:pe_image_reader.cc(281)] could not read dos header from C:\Windows\syswow64\COMDLG32.dll
[0912/181605:ERROR:process_reader_win.cc(233)] ReadMemory at 0x76940000 of 64 bytes failed: Only part of a ReadProcessMemory or WriteProcessMemory request was completed. (0x12B)
[0912/181605:WARNING:pe_image_reader.cc(281)] could not read dos header from C:\Windows\syswow64\ole32.dll
[0912/181605:ERROR:process_reader_win.cc(233)] ReadMemory at 0x76440000 of 64 bytes failed: Only part of a ReadProcessMemory or WriteProcessMemory request was completed. (0x12B)
[0912/181605:WARNING:pe_image_reader.cc(281)] could not read dos header from C:\Windows\syswow64\OLEAUT32.dll
[0912/181605:ERROR:process_reader_win.cc(233)] ReadMemory at 0x75e40000 of 64 bytes failed: Only part of a ReadProcessMemory or WriteProcessMemory request was completed. (0x12B)
[0912/181605:WARNING:pe_image_reader.cc(281)] could not read dos header from C:\Windows\syswow64\NSI.dll
[0912/181605:ERROR:process_reader_win.cc(233)] ReadMemory at 0x72510000 of 64 bytes failed: Only part of a ReadProcessMemory or WriteProcessMemory request was completed. (0x12B)
[0912/181605:WARNING:pe_image_reader.cc(281)] could not read dos header from C:\Windows\system32\WINNSI.DLL
[0912/181605:ERROR:process_reader_win.cc(233)] ReadMemory at 0x72520000 of 64 bytes failed: Only part of a ReadProcessMemory or WriteProcessMemory request was completed. (0x12B)
[0912/181605:WARNING:pe_image_reader.cc(281)] could not read dos header from C:\Windows\system32\IPHLPAPI.DLL
[0912/181605:ERROR:process_reader_win.cc(233)] ReadMemory at 0x75bc0000 of 64 bytes failed: Only part of a ReadProcessMemory or WriteProcessMemory request was completed. (0x12B)
[0912/181605:WARNING:pe_image_reader.cc(281)] could not read dos header from C:\Windows\syswow64\WS2_32.dll
[0912/181605:ERROR:process_reader_win.cc(233)] ReadMemory at 0x75eb0000 of 64 bytes failed: Only part of a ReadProcessMemory or WriteProcessMemory request was completed. (0x12B)
[0912/181605:WARNING:pe_image_reader.cc(281)] could not read dos header from C:\Windows\syswow64\MSASN1.dll
[0912/181605:ERROR:process_reader_win.cc(233)] ReadMemory at 0x75c00000 of 64 bytes failed: Only part of a ReadProcessMemory or WriteProcessMemory request was completed. (0x12B)
[0912/181605:WARNING:pe_image_reader.cc(281)] could not read dos header from C:\Windows\syswow64\CRYPT32.dll
[0912/181605:ERROR:process_reader_win.cc(233)] ReadMemory at 0x75740000 of 64 bytes failed: Only part of a ReadProcessMemory or WriteProcessMemory request was completed. (0x12B)
[0912/181605:WARNING:pe_image_reader.cc(281)] could not read dos header from C:\Windows\syswow64\WINTRUST.dll
[0912/181605:ERROR:process_reader_win.cc(233)] ReadMemory at 0x71600000 of 64 bytes failed: Only part of a ReadProcessMemory or WriteProcessMemory request was completed. (0x12B)
[0912/181605:WARNING:pe_image_reader.cc(281)] could not read dos header from C:\Windows\system32\Secur32.dll
[0912/181605:ERROR:process_reader_win.cc(233)] ReadMemory at 0x5dc80000 of 64 bytes failed: Only part of a ReadProcessMemory or WriteProcessMemory request was completed. (0x12B)
[0912/181605:WARNING:pe_image_reader.cc(281)] could not read dos header from C:\Program Files (x86)\Google\Chrome\Application\52.0.2743.116\chrome_child.dll
[0912/181605:ERROR:process_reader_win.cc(233)] ReadMemory at 0x6f3e0000 of 64 bytes failed: Only part of a ReadProcessMemory or WriteProcessMemory request was completed. (0x12B)
[0912/181605:WARNING:pe_image_reader.cc(281)] could not read dos header from C:\Program Files\AVAST Software\Avast\aswJsFlt.dll
[0912/181605:ERROR:process_reader_win.cc(233)] ReadMemory at 0x72ae0000 of 64 bytes failed: Only part of a ReadProcessMemory or WriteProcessMemory request was completed. (0x12B)
[0912/181605:WARNING:pe_image_reader.cc(281)] could not read dos header from C:\Windows\WinSxS\x86_avast.vc140.crt_fcc99ee6193ebbca_14.0.24210.0_none_9e58d6f8311e6fc8\api-ms-win-crt-runtime-l1-1-0.dll
[0912/181605:ERROR:process_reader_win.cc(233)] ReadMemory at 0x729e0000 of 64 bytes failed: Only part of a ReadProcessMemory or WriteProcessMemory request was completed. (0x12B)
[0912/181605:WARNING:pe_image_reader.cc(281)] could not read dos header from C:\Windows\WinSxS\x86_avast.vc140.crt_fcc99ee6193ebbca_14.0.24210.0_none_9e58d6f8311e6fc8\api-ms-win-core-timezone-l1-1-0.dll
[0912/181605:ERROR:process_reader_win.cc(233)] ReadMemory at 0x729d0000 of 64 bytes failed: Only part of a ReadProcessMemory or WriteProcessMemory request was completed. (0x12B)
[0912/181605:WARNING:pe_image_reader.cc(281)] could not read dos header from C:\Windows\WinSxS\x86_avast.vc140.crt_fcc99ee6193ebbca_14.0.24210.0_none_9e58d6f8311e6fc8\api-ms-win-core-file-l2-1-0.dll
[0912/181605:ERROR:process_reader_win.cc(233)] ReadMemory at 0x729c0000 of 64 bytes failed: Only part of a ReadProcessMemory or WriteProcessMemory request was completed. (0x12B)
[0912/181605:WARNING:pe_image_reader.cc(281)] could not read dos header from C:\Windows\WinSxS\x86_avast.vc140.crt_fcc99ee6193ebbca_14.0.24210.0_none_9e58d6f8311e6fc8\api-ms-win-core-localization-l1-2-0.dll
[0912/181605:ERROR:process_reader_win.cc(233)] ReadMemory at 0x729b0000 of 64 bytes failed: Only part of a ReadProcessMemory or WriteProcessMemory request was completed. (0x12B)
[0912/181605:WARNING:pe_image_reader.cc(281)] could not read dos header from C:\Windows\WinSxS\x86_avast.vc140.crt_fcc99ee6193ebbca_14.0.24210.0_none_9e58d6f8311e6fc8\api-ms-win-core-synch-l1-2-0.dll
[0912/181605:ERROR:process_reader_win.cc(233)] ReadMemory at 0x729a0000 of 64 bytes failed: Only part of a ReadProcessMemory or WriteProcessMemory request was completed. (0x12B)
[0912/181605:WARNING:pe_image_reader.cc(281)] could not read dos header from C:\Windows\WinSxS\x86_avast.vc140.crt_fcc99ee6193ebbca_14.0.24210.0_none_9e58d6f8311e6fc8\api-ms-win-core-processthreads-l1-1-1.dll
[0912/181605:ERROR:process_reader_win.cc(233)] ReadMemory at 0x72990000 of 64 bytes failed: Only part of a ReadProcessMemory or WriteProcessMemory request was completed. (0x12B)
[0912/181605:WARNING:pe_image_reader.cc(281)] could not read dos header from C:\Windows\WinSxS\x86_avast.vc140.crt_fcc99ee6193ebbca_14.0.24210.0_none_9e58d6f8311e6fc8\api-ms-win-core-file-l1-2-0.dll
[0912/181605:ERROR:process_reader_win.cc(233)] ReadMemory at 0x729f0000 of 64 bytes failed: Only part of a ReadProcessMemory or WriteProcessMemory request was completed. (0x12B)
[0912/181605:WARNING:pe_image_reader.cc(281)] could not read dos header from C:\Windows\WinSxS\x86_avast.vc140.crt_fcc99ee6193ebbca_14.0.24210.0_none_9e58d6f8311e6fc8\ucrtbase.DLL
[0912/181605:ERROR:process_reader_win.cc(233)] ReadMemory at 0x72980000 of 64 bytes failed: Only part of a ReadProcessMemory or WriteProcessMemory request was completed. (0x12B)
[0912/181605:WARNING:pe_image_reader.cc(281)] could not read dos header from C:\Windows\WinSxS\x86_avast.vc140.crt_fcc99ee6193ebbca_14.0.24210.0_none_9e58d6f8311e6fc8\api-ms-win-crt-string-l1-1-0.dll
[0912/181605:ERROR:process_reader_win.cc(233)] ReadMemory at 0x72970000 of 64 bytes failed: Only part of a ReadProcessMemory or WriteProcessMemory request was completed. (0x12B)
[0912/181605:WARNING:pe_image_reader.cc(281)] could not read dos header from C:\Windows\WinSxS\x86_avast.vc140.crt_fcc99ee6193ebbca_14.0.24210.0_none_9e58d6f8311e6fc8\api-ms-win-crt-heap-l1-1-0.dll
[0912/181605:ERROR:process_reader_win.cc(233)] ReadMemory at 0x72960000 of 64 bytes failed: Only part of a ReadProcessMemory or WriteProcessMemory request was completed. (0x12B)
[0912/181605:WARNING:pe_image_reader.cc(281)] could not read dos header from C:\Windows\WinSxS\x86_avast.vc140.crt_fcc99ee6193ebbca_14.0.24210.0_none_9e58d6f8311e6fc8\api-ms-win-crt-stdio-l1-1-0.dll
[0912/181605:ERROR:process_reader_win.cc(233)] ReadMemory at 0x72950000 of 64 bytes failed: Only part of a ReadProcessMemory or WriteProcessMemory request was completed. (0x12B)
[0912/181605:WARNING:pe_image_reader.cc(281)] could not read dos header from C:\Windows\WinSxS\x86_avast.vc140.crt_fcc99ee6193ebbca_14.0.24210.0_none_9e58d6f8311e6fc8\api-ms-win-crt-convert-l1-1-0.dll
[0912/181605:ERROR:process_reader_win.cc(233)] ReadMemory at 0x72b00000 of 64 bytes failed: Only part of a ReadProcessMemory or WriteProcessMemory request was completed. (0x12B)
[0912/181605:WARNING:pe_image_reader.cc(281)] could not read dos header from C:\Windows\WinSxS\x86_avast.vc140.crt_fcc99ee6193ebbca_14.0.24210.0_none_9e58d6f8311e6fc8\VCRUNTIME140.dll
[0912/181605:ERROR:process_reader_win.cc(233)] ReadMemory at 0x73200000 of 64 bytes failed: Only part of a ReadProcessMemory or WriteProcessMemory request was completed. (0x12B)
[0912/181605:WARNING:pe_image_reader.cc(281)] could not read dos header from C:\PROGRA~1\AVASTS~1\Avast\aswCmnIS.dll
[0912/181605:ERROR:process_reader_win.cc(233)] ReadMemory at 0x728a0000 of 64 bytes failed: Only part of a ReadProcessMemory or WriteProcessMemory request was completed. (0x12B)
[0912/181605:WARNING:pe_image_reader.cc(281)] could not read dos header from C:\Windows\WinSxS\x86_avast.vc140.crt_fcc99ee6193ebbca_14.0.24210.0_none_9e58d6f8311e6fc8\api-ms-win-crt-locale-l1-1-0.dll
[0912/181605:ERROR:process_reader_win.cc(233)] ReadMemory at 0x72890000 of 64 bytes failed: Only part of a ReadProcessMemory or WriteProcessMemory request was completed. (0x12B)
[0912/181605:WARNING:pe_image_reader.cc(281)] could not read dos header from C:\Windows\WinSxS\x86_avast.vc140.crt_fcc99ee6193ebbca_14.0.24210.0_none_9e58d6f8311e6fc8\api-ms-win-crt-math-l1-1-0.dll
[0912/181605:ERROR:process_reader_win.cc(233)] ReadMemory at 0x72880000 of 64 bytes failed: Only part of a ReadProcessMemory or WriteProcessMemory request was completed. (0x12B)
[0912/181605:WARNING:pe_image_reader.cc(281)] could not read dos header from C:\Windows\WinSxS\x86_avast.vc140.crt_fcc99ee6193ebbca_14.0.24210.0_none_9e58d6f8311e6fc8\api-ms-win-crt-multibyte-l1-1-0.dll
[0912/181605:ERROR:process_reader_win.cc(233)] ReadMemory at 0x72870000 of 64 bytes failed: Only part of a ReadProcessMemory or WriteProcessMemory request was completed. (0x12B)
[0912/181605:WARNING:pe_image_reader.cc(281)] could not read dos header from C:\Windows\WinSxS\x86_avast.vc140.crt_fcc99ee6193ebbca_14.0.24210.0_none_9e58d6f8311e6fc8\api-ms-win-crt-time-l1-1-0.dll
[0912/181605:ERROR:process_reader_win.cc(233)] ReadMemory at 0x72860000 of 64 bytes failed: Only part of a ReadProcessMemory or WriteProcessMemory request was completed. (0x12B)
[0912/181605:WARNING:pe_image_reader.cc(281)] could not read dos header from C:\Windows\WinSxS\x86_avast.vc140.crt_fcc99ee6193ebbca_14.0.24210.0_none_9e58d6f8311e6fc8\api-ms-win-crt-filesystem-l1-1-0.dll
[0912/181605:ERROR:process_reader_win.cc(233)] ReadMemory at 0x72850000 of 64 bytes failed: Only part of a ReadProcessMemory or WriteProcessMemory request was completed. (0x12B)
[0912/181605:WARNING:pe_image_reader.cc(281)] could not read dos header from C:\Windows\WinSxS\x86_avast.vc140.crt_fcc99ee6193ebbca_14.0.24210.0_none_9e58d6f8311e6fc8\api-ms-win-crt-environment-l1-1-0.dll
[0912/181605:ERROR:process_reader_win.cc(233)] ReadMemory at 0x72840000 of 64 bytes failed: Only part of a ReadProcessMemory or WriteProcessMemory request was completed. (0x12B)
[0912/181605:WARNING:pe_image_reader.cc(281)] could not read dos header from C:\Windows\WinSxS\x86_avast.vc140.crt_fcc99ee6193ebbca_14.0.24210.0_none_9e58d6f8311e6fc8\api-ms-win-crt-utility-l1-1-0.dll
[0912/181605:ERROR:process_reader_win.cc(233)] ReadMemory at 0x728b0000 of 64 bytes failed: Only part of a ReadProcessMemory or WriteProcessMemory request was completed. (0x12B)
[0912/181605:WARNING:pe_image_reader.cc(281)] could not read dos header from C:\Windows\WinSxS\x86_avast.vc140.crt_fcc99ee6193ebbca_14.0.24210.0_none_9e58d6f8311e6fc8\MSVCP140.dll
[0912/181605:ERROR:process_reader_win.cc(233)] ReadMemory at 0x72920000 of 64 bytes failed: Only part of a ReadProcessMemory or WriteProcessMemory request was completed. (0x12B)
[0912/181605:WARNING:pe_image_reader.cc(281)] could not read dos header from C:\PROGRA~1\AVASTS~1\Avast\aswCmnOS.dll
[0912/181605:ERROR:process_reader_win.cc(233)] ReadMemory at 0x73260000 of 64 bytes failed: Only part of a ReadProcessMemory or WriteProcessMemory request was completed. (0x12B)
[0912/181605:WARNING:pe_image_reader.cc(281)] could not read dos header from C:\PROGRA~1\AVASTS~1\Avast\aswCmnBS.dll
[0912/181605:ERROR:process_reader_win.cc(233)] ReadMemory at 0x71b60000 of 64 bytes failed: Only part of a ReadProcessMemory or WriteProcessMemory request was completed. (0x12B)
[0912/181605:WARNING:pe_image_reader.cc(281)] could not read dos header from C:\Windows\system32\netutils.dll
[0912/181605:ERROR:process_reader_win.cc(233)] ReadMemory at 0x71b40000 of 64 bytes failed: Only part of a ReadProcessMemory or WriteProcessMemory request was completed. (0x12B)
[0912/181605:WARNING:pe_image_reader.cc(281)] could not read dos header from C:\Windows\system32\srvcli.dll
[0912/181605:ERROR:process_reader_win.cc(233)] ReadMemory at 0x71b30000 of 64 bytes failed: Only part of a ReadProcessMemory or WriteProcessMemory request was completed. (0x12B)
[0912/181605:WARNING:pe_image_reader.cc(281)] could not read dos header from C:\Windows\system32\wkscli.dll
[0912/181605:ERROR:process_reader_win.cc(233)] ReadMemory at 0x71b70000 of 64 bytes failed: Only part of a ReadProcessMemory or WriteProcessMemory request was completed. (0x12B)
[0912/181605:WARNING:pe_image_reader.cc(281)] could not read dos header from C:\Windows\system32\NETAPI32.dll
[0912/181605:ERROR:process_reader_win.cc(233)] ReadMemory at 0x72820000 of 64 bytes failed: Only part of a ReadProcessMemory or WriteProcessMemory request was completed. (0x12B)
[0912/181605:WARNING:pe_image_reader.cc(281)] could not read dos header from C:\PROGRA~1\AVASTS~1\Avast\log.dll
[0912/181605:ERROR:process_reader_win.cc(233)] ReadMemory at 0x72560000 of 64 bytes failed: Only part of a ReadProcessMemory or WriteProcessMemory request was completed. (0x12B)
[0912/181605:WARNING:pe_image_reader.cc(281)] could not read dos header from C:\Windows\system32\DNSAPI.dll
[0912/181605:ERROR:process_reader_win.cc(233)] ReadMemory at 0x72660000 of 64 bytes failed: Only part of a ReadProcessMemory or WriteProcessMemory request was completed. (0x12B)
[0912/181605:WARNING:pe_image_reader.cc(281)] could not read dos header from C:\PROGRA~1\AVASTS~1\Avast\commchannel.dll
[0912/181605:ERROR:process_reader_win.cc(233)] ReadMemory at 0x71f30000 of 64 bytes failed: Only part of a ReadProcessMemory or WriteProcessMemory request was completed. (0x12B)
[0912/181605:WARNING:pe_image_reader.cc(281)] could not read dos header from C:\PROGRA~1\AVASTS~1\Avast\JsonRpcServer.dll
[0912/181605:ERROR:process_reader_win.cc(233)] ReadMemory at 0x72540000 of 64 bytes failed: Only part of a ReadProcessMemory or WriteProcessMemory request was completed. (0x12B)
[0912/181605:WARNING:pe_image_reader.cc(281)] could not read dos header from C:\PROGRA~1\AVASTS~1\Avast\avastIP.dll
[0912/181605:ERROR:process_reader_win.cc(233)] ReadMemory at 0x724f0000 of 64 bytes failed: Only part of a ReadProcessMemory or WriteProcessMemory request was completed. (0x12B)
[0912/181605:WARNING:pe_image_reader.cc(281)] could not read dos header from C:\PROGRA~1\AVASTS~1\Avast\aswEngLdr.dll
[0912/181605:ERROR:process_reader_win.cc(233)] ReadMemory at 0x71ae0000 of 64 bytes failed: Only part of a ReadProcessMemory or WriteProcessMemory request was completed. (0x12B)
[0912/181605:WARNING:pe_image_reader.cc(281)] could not read dos header from C:\PROGRA~1\AVASTS~1\Avast\AavmRpch.dll
[0912/181605:ERROR:process_reader_win.cc(233)] ReadMemory at 0x72700000 of 64 bytes failed: Only part of a ReadProcessMemory or WriteProcessMemory request was completed. (0x12B)
[0912/181605:WARNING:pe_image_reader.cc(281)] could not read dos header from C:\Windows\system32\WSOCK32.dll
[0912/181605:ERROR:process_reader_win.cc(233)] ReadMemory at 0x76060000 of 64 bytes failed: Only part of a ReadProcessMemory or WriteProcessMemory request was completed. (0x12B)
[0912/181605:WARNING:pe_image_reader.cc(281)] could not read dos header from C:\Windows\syswow64\CFGMGR32.dll
[0912/181605:ERROR:process_reader_win.cc(233)] ReadMemory at 0x76b70000 of 64 bytes failed: Only part of a ReadProcessMemory or WriteProcessMemory request was completed. (0x12B)
[0912/181605:WARNING:pe_image_reader.cc(281)] could not read dos header from C:\Windows\syswow64\DEVOBJ.dll
[0912/181605:ERROR:process_reader_win.cc(233)] ReadMemory at 0x75ec0000 of 64 bytes failed: Only part of a ReadProcessMemory or WriteProcessMemory request was completed. (0x12B)
[0912/181605:WARNING:pe_image_reader.cc(281)] could not read dos header from C:\Windows\syswow64\SETUPAPI.dll
[0912/181605:ERROR:process_reader_win.cc(233)] ReadMemory at 0x76660000 of 64 bytes failed: Only part of a ReadProcessMemory or WriteProcessMemory request was completed. (0x12B)
[0912/181605:WARNING:pe_image_reader.cc(281)] could not read dos header from C:\Windows\syswow64\api-ms-win-downlevel-user32-l1-1-0.dll
[0912/181605:ERROR:process_reader_win.cc(233)] ReadMemory at 0x74ae0000 of 64 bytes failed: Only part of a ReadProcessMemory or WriteProcessMemory request was completed. (0x12B)
[0912/181605:WARNING:pe_image_reader.cc(281)] could not read dos header from C:\Windows\syswow64\api-ms-win-downlevel-shlwapi-l1-1-0.dll
[0912/181605:ERROR:process_reader_win.cc(233)] ReadMemory at 0x76780000 of 64 bytes failed: Only part of a ReadProcessMemory or WriteProcessMemory request was completed. (0x12B)
[0912/181605:WARNING:pe_image_reader.cc(281)] could not read dos header from C:\Windows\syswow64\api-ms-win-downlevel-version-l1-1-0.dll
[0912/181605:ERROR:process_reader_win.cc(233)] ReadMemory at 0x76aa0000 of 64 bytes failed: Only part of a ReadProcessMemory or WriteProcessMemory request was completed. (0x12B)
[0912/181605:WARNING:pe_image_reader.cc(281)] could not read dos header from C:\Windows\syswow64\api-ms-win-downlevel-normaliz-l1-1-0.dll
[0912/181605:ERROR:process_reader_win.cc(233)] ReadMemory at 0x75a80000 of 64 bytes failed: Only part of a ReadProcessMemory or WriteProcessMemory request was completed. (0x12B)
[0912/181605:WARNING:pe_image_reader.cc(281)] could not read dos header from C:\Windows\syswow64\normaliz.DLL
[0912/181605:ERROR:process_reader_win.cc(233)] ReadMemory at 0x75a70000 of 64 bytes failed: Only part of a ReadProcessMemory or WriteProcessMemory request was completed. (0x12B)
[0912/181605:WARNING:pe_image_reader.cc(281)] could not read dos header from C:\Windows\syswow64\api-ms-win-downlevel-advapi32-l1-1-0.dll
[0912/181605:ERROR:process_reader_win.cc(233)] ReadMemory at 0x75770000 of 64 bytes failed: Only part of a ReadProcessMemory or WriteProcessMemory request was completed. (0x12B)
[0912/181605:WARNING:pe_image_reader.cc(281)] could not read dos header from C:\Windows\syswow64\iertutil.dll
[0912/181605:ERROR:process_reader_win.cc(233)] ReadMemory at 0x76210000 of 64 bytes failed: Only part of a ReadProcessMemory or WriteProcessMemory request was completed. (0x12B)
[0912/181605:WARNING:pe_image_reader.cc(281)] could not read dos header from C:\Windows\syswow64\WININET.dll
[0912/181605:ERROR:process_reader_win.cc(233)] ReadMemory at 0x72710000 of 64 bytes failed: Only part of a ReadProcessMemory or WriteProcessMemory request was completed. (0x12B)
[0912/181605:WARNING:pe_image_reader.cc(281)] could not read dos header from C:\PROGRA~1\AVASTS~1\Avast\ashBase.dll
[0912/181605:ERROR:process_reader_win.cc(233)] ReadMemory at 0x71990000 of 64 bytes failed: Only part of a ReadProcessMemory or WriteProcessMemory request was completed. (0x12B)
[0912/181605:WARNING:pe_image_reader.cc(281)] could not read dos header from C:\PROGRA~1\AVASTS~1\Avast\aswAux.dll
[0912/181605:ERROR:process_reader_win.cc(233)] ReadMemory at 0x71a70000 of 64 bytes failed: Only part of a ReadProcessMemory or WriteProcessMemory request was completed. (0x12B)
[0912/181605:WARNING:pe_image_reader.cc(281)] could not read dos header from C:\PROGRA~1\AVASTS~1\Avast\ashTask.dll
[0912/181605:ERROR:process_reader_win.cc(233)] ReadMemory at 0x71b90000 of 64 bytes failed: Only part of a ReadProcessMemory or WriteProcessMemory request was completed. (0x12B)
[0912/181605:WARNING:pe_image_reader.cc(281)] could not read dos header from C:\PROGRA~1\AVASTS~1\Avast\Aavm4h.dll
[0912/181605:ERROR:process_reader_win.cc(233)] ReadMemory at 0x6df90000 of 64 bytes failed: Only part of a ReadProcessMemory or WriteProcessMemory request was completed. (0x12B)
[0912/181605:WARNING:pe_image_reader.cc(281)] could not read dos header from C:\Windows\system32\dwrite.dll
[0912/181605:ERROR:process_reader_win.cc(233)] ReadMemory at 0x77235120 of 5888 bytes failed: Only part of a ReadProcessMemory or WriteProcessMemory request was completed. (0x12B)
[0912/181605:ERROR:process_reader_win.cc(233)] ReadMemory at 0xb20000 of 64 bytes failed: Only part of a ReadProcessMemory or WriteProcessMemory request was completed. (0x12B)
[0912/181605:WARNING:pe_image_reader.cc(281)] could not read dos header from C:\Program Files (x86)\Google\Chrome\Application\chrome.exe
[0912/181605:ERROR:process_reader_win.cc(233)] ReadMemory at 0x77130000 of 64 bytes failed: Only part of a ReadProcessMemory or WriteProcessMemory request was completed. (0x12B)
[0912/181605:WARNING:pe_image_reader.cc(281)] could not read dos header from C:\Windows\SysWOW64\ntdll.dll
[0912/181605:ERROR:process_reader_win.cc(233)] ReadMemory at 0x76880000 of 64 bytes failed: Only part of a ReadProcessMemory or WriteProcessMemory request was completed. (0x12B)
[0912/181605:WARNING:pe_image_reader.cc(281)] could not read dos header from C:\Windows\syswow64\KERNELBASE.dll
[0912/181605:ERROR:process_reader_win.cc(233)] ReadMemory at 0x75d30000 of 64 bytes failed: Only part of a ReadProcessMemory or WriteProcessMemory request was completed. (0x12B)
[0912/181605:WARNING:pe_image_reader.cc(281)] could not read dos header from C:\Windows\syswow64\KERNEL32.dll
[0912/181605:ERROR:process_reader_win.cc(233)] ReadMemory at 0x6e150000 of 64 bytes failed: Only part of a ReadProcessMemory or WriteProcessMemory request was completed. (0x12B)
[0912/181605:WARNING:pe_image_reader.cc(281)] could not read dos header from C:\Program Files\AVAST Software\Avast\snxhk.dll
[0912/181605:ERROR:process_reader_win.cc(233)] ReadMemory at 0x76160000 of 64 bytes failed: Only part of a ReadProcessMemory or WriteProcessMemory request was completed. (0x12B)
[0912/181605:WARNING:pe_image_reader.cc(281)] could not read dos header from C:\Windows\syswow64\msvcrt.dll
[0912/181605:ERROR:process_reader_win.cc(233)] ReadMemory at 0x74a70000 of 64 bytes failed: Only part of a ReadProcessMemory or WriteProcessMemory request was completed. (0x12B)
[0912/181605:WARNING:pe_image_reader.cc(281)] could not read dos header from C:\Windows\syswow64\CRYPTBASE.dll
[0912/181605:ERROR:process_reader_win.cc(233)] ReadMemory at 0x74a80000 of 64 bytes failed: Only part of a ReadProcessMemory or WriteProcessMemory request was completed. (0x12B)
[0912/181605:WARNING:pe_image_reader.cc(281)] could not read dos header from C:\Windows\syswow64\SspiCli.dll
[0912/181605:ERROR:process_reader_win.cc(233)] ReadMemory at 0x76790000 of 64 bytes failed: Only part of a ReadProcessMemory or WriteProcessMemory request was completed. (0x12B)
[0912/181605:WARNING:pe_image_reader.cc(281)] could not read dos header from C:\Windows\syswow64\RPCRT4.dll
[0912/181605:ERROR:process_reader_win.cc(233)] ReadMemory at 0x76420000 of 64 bytes failed: Only part of a ReadProcessMemory or WriteProcessMemory request was completed. (0x12B)
[0912/181605:WARNING:pe_image_reader.cc(281)] could not read dos header from C:\Windows\SysWOW64\sechost.dll
[0912/181605:ERROR:process_reader_win.cc(233)] ReadMemory at 0x75a90000 of 64 bytes failed: Only part of a ReadProcessMemory or WriteProcessMemory request was completed. (0x12B)
[0912/181605:WARNING:pe_image_reader.cc(281)] could not read dos header from C:\Windows\syswow64\ADVAPI32.dll
[0912/181605:ERROR:process_reader_win.cc(233)] ReadMemory at 0x73a80000 of 64 bytes failed: Only part of a ReadProcessMemory or WriteProcessMemory request was completed. (0x12B)
[0912/181605:WARNING:pe_image_reader.cc(281)] could not read dos header from C:\Program Files (x86)\Google\Chrome\Application\52.0.2743.116\chrome_elf.dll
[0912/181605:ERROR:process_reader_win.cc(233)] ReadMemory at 0x732c0000 of 64 bytes failed: Only part of a ReadProcessMemory or WriteProcessMemory request was completed. (0x12B)
[0912/181605:WARNING:pe_image_reader.cc(281)] could not read dos header from C:\Windows\system32\VERSION.dll
[0912/181605:ERROR:process_reader_win.cc(233)] ReadMemory at 0x76ad0000 of 64 bytes failed: Only part of a ReadProcessMemory or WriteProcessMemory request was completed. (0x12B)
[0912/181605:WARNING:pe_image_reader.cc(281)] could not read dos header from C:\Windows\syswow64\USP10.dll
[0912/181605:ERROR:process_reader_win.cc(233)] ReadMemory at 0x76930000 of 64 bytes failed: Only part of a ReadProcessMemory or WriteProcessMemory request was completed. (0x12B)
[0912/181605:WARNING:pe_image_reader.cc(281)] could not read dos header from C:\Windows\syswow64\LPK.dll
[0912/181605:ERROR:process_reader_win.cc(233)] ReadMemory at 0x764d0000 of 64 bytes failed: Only part of a ReadProcessMemory or WriteProcessMemory request was completed. (0x12B)
[0912/181605:WARNING:pe_image_reader.cc(281)] could not read dos header from C:\Windows\syswow64\GDI32.dll
[0912/181605:ERROR:process_reader_win.cc(233)] ReadMemory at 0x76680000 of 64 bytes failed: Only part of a ReadProcessMemory or WriteProcessMemory request was completed. (0x12B)
[0912/181605:WARNING:pe_image_reader.cc(281)] could not read dos header from C:\Windows\syswow64\USER32.dll
[0912/181605:ERROR:process_reader_win.cc(233)] ReadMemory at 0x739f0000 of 64 bytes failed: Only part of a ReadProcessMemory or WriteProcessMemory request was completed. (0x12B)
[0912/181605:WARNING:pe_image_reader.cc(281)] could not read dos header from C:\Windows\system32\WINMM.dll
[0912/181605:ERROR:process_reader_win.cc(233)] ReadMemory at 0x76670000 of 64 bytes failed: Only part of a ReadProcessMemory or WriteProcessMemory request was completed. (0x12B)
[0912/181605:WARNING:pe_image_reader.cc(281)] could not read dos header from C:\Windows\syswow64\profapi.dll
[0912/181605:ERROR:process_reader_win.cc(233)] ReadMemory at 0x76ab0000 of 64 bytes failed: Only part of a ReadProcessMemory or WriteProcessMemory request was completed. (0x12B)
[0912/181605:WARNING:pe_image_reader.cc(281)] could not read dos header from C:\Windows\syswow64\USERENV.dll
[0912/181605:ERROR:process_reader_win.cc(233)] ReadMemory at 0x72340000 of 64 bytes failed: Only part of a ReadProcessMemory or WriteProcessMemory request was completed. (0x12B)
[0912/181605:WARNING:pe_image_reader.cc(281)] could not read dos header from C:\Windows\system32\WTSAPI32.dll
[0912/181605:ERROR:process_reader_win.cc(233)] ReadMemory at 0x725b0000 of 64 bytes failed: Only part of a ReadProcessMemory or WriteProcessMemory request was completed. (0x12B)
[0912/181605:WARNING:pe_image_reader.cc(281)] could not read dos header from C:\Windows\system32\webio.dll
[0912/181605:ERROR:process_reader_win.cc(233)] ReadMemory at 0x72600000 of 64 bytes failed: Only part of a ReadProcessMemory or WriteProcessMemory request was completed. (0x12B)
[0912/181605:WARNING:pe_image_reader.cc(281)] could not read dos header from C:\Windows\system32\WINHTTP.dll
[0912/181605:ERROR:process_reader_win.cc(233)] ReadMemory at 0x71350000 of 64 bytes failed: Only part of a ReadProcessMemory or WriteProcessMemory request was completed. (0x12B)
[0912/181605:WARNING:pe_image_reader.cc(281)] could not read dos header from C:\Windows\system32\api-ms-win-core-synch-l1-2-0.DLL
[0912/181605:ERROR:process_reader_win.cc(233)] ReadMemory at 0x76090000 of 64 bytes failed: Only part of a ReadProcessMemory or WriteProcessMemory request was completed. (0x12B)
[0912/181605:WARNING:pe_image_reader.cc(281)] could not read dos header from C:\Windows\syswow64\MSCTF.dll
[0912/181605:ERROR:process_reader_win.cc(233)] ReadMemory at 0x75e50000 of 64 bytes failed: Only part of a ReadProcessMemory or WriteProcessMemory request was completed. (0x12B)
[0912/181605:WARNING:pe_image_reader.cc(281)] could not read dos header from C:\Windows\system32\IMM32.DLL
[0912/181605:ERROR:process_reader_win.cc(233)] ReadMemory at 0x768d0000 of 64 bytes failed: Only part of a ReadProcessMemory or WriteProcessMemory request was completed. (0x12B)
[0912/181605:WARNING:pe_image_reader.cc(281)] could not read dos header from C:\Windows\syswow64\SHLWAPI.dll
[0912/181605:ERROR:process_reader_win.cc(233)] ReadMemory at 0x74af0000 of 64 bytes failed: Only part of a ReadProcessMemory or WriteProcessMemory request was completed. (0x12B)
[0912/181605:WARNING:pe_image_reader.cc(281)] could not read dos header from C:\Windows\syswow64\SHELL32.dll
[0912/181605:ERROR:process_reader_win.cc(233)] ReadMemory at 0x76560000 of 64 bytes failed: Only part of a ReadProcessMemory or WriteProcessMemory request was completed. (0x12B)
[0912/181605:WARNING:pe_image_reader.cc(281)] could not read dos header from C:\Windows\syswow64\PSAPI.DLL
[0912/181605:ERROR:process_reader_win.cc(233)] ReadMemory at 0x732d0000 of 64 bytes failed: Only part of a ReadProcessMemory or WriteProcessMemory request was completed. (0x12B)
[0912/181605:WARNING:pe_image_reader.cc(281)] could not read dos header from C:\Windows\system32\WINSPOOL.DRV
[0912/181605:ERROR:process_reader_win.cc(233)] ReadMemory at 0x70130000 of 64 bytes failed: Only part of a ReadProcessMemory or WriteProcessMemory request was completed. (0x12B)
[0912/181605:WARNING:pe_image_reader.cc(281)] could not read dos header from C:\Windows\WinSxS\x86_microsoft.windows.common-controls_6595b64144ccf1df_6.0.7601.18837_none_41e855142bd5705d\COMCTL32.dll
[0912/181605:ERROR:process_reader_win.cc(233)] ReadMemory at 0x75b40000 of 64 bytes failed: Only part of a ReadProcessMemory or WriteProcessMemory request was completed. (0x12B)
[0912/181605:WARNING:pe_image_reader.cc(281)] could not read dos header from C:\Windows\syswow64\COMDLG32.dll
[0912/181605:ERROR:process_reader_win.cc(233)] ReadMemory at 0x76940000 of 64 bytes failed: Only part of a ReadProcessMemory or WriteProcessMemory request was completed. (0x12B)
[0912/181605:WARNING:pe_image_reader.cc(281)] could not read dos header from C:\Windows\syswow64\ole32.dll
[0912/181605:ERROR:process_reader_win.cc(233)] ReadMemory at 0x76440000 of 64 bytes failed: Only part of a ReadProcessMemory or WriteProcessMemory request was completed. (0x12B)
[0912/181605:WARNING:pe_image_reader.cc(281)] could not read dos header from C:\Windows\syswow64\OLEAUT32.dll
[0912/181605:ERROR:process_reader_win.cc(233)] ReadMemory at 0x75e40000 of 64 bytes failed: Only part of a ReadProcessMemory or WriteProcessMemory request was completed. (0x12B)
[0912/181605:WARNING:pe_image_reader.cc(281)] could not read dos header from C:\Windows\syswow64\NSI.dll
[0912/181605:ERROR:process_reader_win.cc(233)] ReadMemory at 0x72510000 of 64 bytes failed: Only part of a ReadProcessMemory or WriteProcessMemory request was completed. (0x12B)
[0912/181605:WARNING:pe_image_reader.cc(281)] could not read dos header from C:\Windows\system32\WINNSI.DLL
[0912/181605:ERROR:process_reader_win.cc(233)] ReadMemory at 0x72520000 of 64 bytes failed: Only part of a ReadProcessMemory or WriteProcessMemory request was completed. (0x12B)
[0912/181605:WARNING:pe_image_reader.cc(281)] could not read dos header from C:\Windows\system32\IPHLPAPI.DLL
[0912/181605:ERROR:process_reader_win.cc(233)] ReadMemory at 0x75bc0000 of 64 bytes failed: Only part of a ReadProcessMemory or WriteProcessMemory request was completed. (0x12B)
[0912/181605:WARNING:pe_image_reader.cc(281)] could not read dos header from C:\Windows\syswow64\WS2_32.dll
[0912/181605:ERROR:process_reader_win.cc(233)] ReadMemory at 0x75eb0000 of 64 bytes failed: Only part of a ReadProcessMemory or WriteProcessMemory request was completed. (0x12B)
[0912/181605:WARNING:pe_image_reader.cc(281)] could not read dos header from C:\Windows\syswow64\MSASN1.dll
[0912/181605:ERROR:process_reader_win.cc(233)] ReadMemory at 0x75c00000 of 64 bytes failed: Only part of a ReadProcessMemory or WriteProcessMemory request was completed. (0x12B)
[0912/181605:WARNING:pe_image_reader.cc(281)] could not read dos header from C:\Windows\syswow64\CRYPT32.dll
[0912/181605:ERROR:process_reader_win.cc(233)] ReadMemory at 0x75740000 of 64 bytes failed: Only part of a ReadProcessMemory or WriteProcessMemory request was completed. (0x12B)
[0912/181605:WARNING:pe_image_reader.cc(281)] could not read dos header from C:\Windows\syswow64\WINTRUST.dll
[0912/181605:ERROR:process_reader_win.cc(233)] ReadMemory at 0x71600000 of 64 bytes failed: Only part of a ReadProcessMemory or WriteProcessMemory request was completed. (0x12B)
[0912/181605:WARNING:pe_image_reader.cc(281)] could not read dos header from C:\Windows\system32\Secur32.dll
[0912/181605:ERROR:process_reader_win.cc(233)] ReadMemory at 0x5dc80000 of 64 bytes failed: Only part of a ReadProcessMemory or WriteProcessMemory request was completed. (0x12B)
[0912/181605:WARNING:pe_image_reader.cc(281)] could not read dos header from C:\Program Files (x86)\Google\Chrome\Application\52.0.2743.116\chrome_child.dll
[0912/181605:ERROR:process_reader_win.cc(233)] ReadMemory at 0x6f3e0000 of 64 bytes failed: Only part of a ReadProcessMemory or WriteProcessMemory request was completed. (0x12B)
[0912/181605:WARNING:pe_image_reader.cc(281)] could not read dos header from C:\Program Files\AVAST Software\Avast\aswJsFlt.dll
[0912/181605:ERROR:process_reader_win.cc(233)] ReadMemory at 0x72ae0000 of 64 bytes failed: Only part of a ReadProcessMemory or WriteProcessMemory request was completed. (0x12B)
[0912/181605:WARNING:pe_image_reader.cc(281)] could not read dos header from C:\Windows\WinSxS\x86_avast.vc140.crt_fcc99ee6193ebbca_14.0.24210.0_none_9e58d6f8311e6fc8\api-ms-win-crt-runtime-l1-1-0.dll
[0912/181605:ERROR:process_reader_win.cc(233)] ReadMemory at 0x729e0000 of 64 bytes failed: Only part of a ReadProcessMemory or WriteProcessMemory request was completed. (0x12B)
[0912/181605:WARNING:pe_image_reader.cc(281)] could not read dos header from C:\Windows\WinSxS\x86_avast.vc140.crt_fcc99ee6193ebbca_14.0.24210.0_none_9e58d6f8311e6fc8\api-ms-win-core-timezone-l1-1-0.dll
[0912/181605:ERROR:process_reader_win.cc(233)] ReadMemory at 0x729d0000 of 64 bytes failed: Only part of a ReadProcessMemory or WriteProcessMemory request was completed. (0x12B)
[0912/181605:WARNING:pe_image_reader.cc(281)] could not read dos header from C:\Windows\WinSxS\x86_avast.vc140.crt_fcc99ee6193ebbca_14.0.24210.0_none_9e58d6f8311e6fc8\api-ms-win-core-file-l2-1-0.dll
[0912/181605:ERROR:process_reader_win.cc(233)] ReadMemory at 0x729c0000 of 64 bytes failed: Only part of a ReadProcessMemory or WriteProcessMemory request was completed. (0x12B)
[0912/181605:WARNING:pe_image_reader.cc(281)] could not read dos header from C:\Windows\WinSxS\x86_avast.vc140.crt_fcc99ee6193ebbca_14.0.24210.0_none_9e58d6f8311e6fc8\api-ms-win-core-localization-l1-2-0.dll
[0912/181605:ERROR:process_reader_win.cc(233)] ReadMemory at 0x729b0000 of 64 bytes failed: Only part of a ReadProcessMemory or WriteProcessMemory request was completed. (0x12B)
[0912/181605:WARNING:pe_image_reader.cc(281)] could not read dos header from C:\Windows\WinSxS\x86_avast.vc140.crt_fcc99ee6193ebbca_14.0.24210.0_none_9e58d6f8311e6fc8\api-ms-win-core-synch-l1-2-0.dll
[0912/181605:ERROR:process_reader_win.cc(233)] ReadMemory at 0x729a0000 of 64 bytes failed: Only part of a ReadProcessMemory or WriteProcessMemory request was completed. (0x12B)
[0912/181605:WARNING:pe_image_reader.cc(281)] could not read dos header from C:\Windows\WinSxS\x86_avast.vc140.crt_fcc99ee6193ebbca_14.0.24210.0_none_9e58d6f8311e6fc8\api-ms-win-core-processthreads-l1-1-1.dll
[0912/181605:ERROR:process_reader_win.cc(233)] ReadMemory at 0x72990000 of 64 bytes failed: Only part of a ReadProcessMemory or WriteProcessMemory request was completed. (0x12B)
[0912/181605:WARNING:pe_image_reader.cc(281)] could not read dos header from C:\Windows\WinSxS\x86_avast.vc140.crt_fcc99ee6193ebbca_14.0.24210.0_none_9e58d6f8311e6fc8\api-ms-win-core-file-l1-2-0.dll
[0912/181605:ERROR:process_reader_win.cc(233)] ReadMemory at 0x729f0000 of 64 bytes failed: Only part of a ReadProcessMemory or WriteProcessMemory request was completed. (0x12B)
[0912/181605:WARNING:pe_image_reader.cc(281)] could not read dos header from C:\Windows\WinSxS\x86_avast.vc140.crt_fcc99ee6193ebbca_14.0.24210.0_none_9e58d6f8311e6fc8\ucrtbase.DLL
[0912/181605:ERROR:process_reader_win.cc(233)] ReadMemory at 0x72980000 of 64 bytes failed: Only part of a ReadProcessMemory or WriteProcessMemory request was completed. (0x12B)
[0912/181605:WARNING:pe_image_reader.cc(281)] could not read dos header from C:\Windows\WinSxS\x86_avast.vc140.crt_fcc99ee6193ebbca_14.0.24210.0_none_9e58d6f8311e6fc8\api-ms-win-crt-string-l1-1-0.dll
[0912/181605:ERROR:process_reader_win.cc(233)] ReadMemory at 0x72970000 of 64 bytes failed: Only part of a ReadProcessMemory or WriteProcessMemory request was completed. (0x12B)
[0912/181605:WARNING:pe_image_reader.cc(281)] could not read dos header from C:\Windows\WinSxS\x86_avast.vc140.crt_fcc99ee6193ebbca_14.0.24210.0_none_9e58d6f8311e6fc8\api-ms-win-crt-heap-l1-1-0.dll
[0912/181605:ERROR:process_reader_win.cc(233)] ReadMemory at 0x72960000 of 64 bytes failed: Only part of a ReadProcessMemory or WriteProcessMemory request was completed. (0x12B)
[0912/181605:WARNING:pe_image_reader.cc(281)] could not read dos header from C:\Windows\WinSxS\x86_avast.vc140.crt_fcc99ee6193ebbca_14.0.24210.0_none_9e58d6f8311e6fc8\api-ms-win-crt-stdio-l1-1-0.dll
[0912/181605:ERROR:process_reader_win.cc(233)] ReadMemory at 0x72950000 of 64 bytes failed: Only part of a ReadProcessMemory or WriteProcessMemory request was completed. (0x12B)
[0912/181605:WARNING:pe_image_reader.cc(281)] could not read dos header from C:\Windows\WinSxS\x86_avast.vc140.crt_fcc99ee6193ebbca_14.0.24210.0_none_9e58d6f8311e6fc8\api-ms-win-crt-convert-l1-1-0.dll
[0912/181605:ERROR:process_reader_win.cc(233)] ReadMemory at 0x72b00000 of 64 bytes failed: Only part of a ReadProcessMemory or WriteProcessMemory request was completed. (0x12B)
[0912/181605:WARNING:pe_image_reader.cc(281)] could not read dos header from C:\Windows\WinSxS\x86_avast.vc140.crt_fcc99ee6193ebbca_14.0.24210.0_none_9e58d6f8311e6fc8\VCRUNTIME140.dll
[0912/181605:ERROR:process_reader_win.cc(233)] ReadMemory at 0x73200000 of 64 bytes failed: Only part of a ReadProcessMemory or WriteProcessMemory request was completed. (0x12B)
[0912/181605:WARNING:pe_image_reader.cc(281)] could not read dos header from C:\PROGRA~1\AVASTS~1\Avast\aswCmnIS.dll
[0912/181605:ERROR:process_reader_win.cc(233)] ReadMemory at 0x728a0000 of 64 bytes failed: Only part of a ReadProcessMemory or WriteProcessMemory request was completed. (0x12B)
[0912/181605:WARNING:pe_image_reader.cc(281)] could not read dos header from C:\Windows\WinSxS\x86_avast.vc140.crt_fcc99ee6193ebbca_14.0.24210.0_none_9e58d6f8311e6fc8\api-ms-win-crt-locale-l1-1-0.dll
[0912/181605:ERROR:process_reader_win.cc(233)] ReadMemory at 0x72890000 of 64 bytes failed: Only part of a ReadProcessMemory or WriteProcessMemory request was completed. (0x12B)
[0912/181605:WARNING:pe_image_reader.cc(281)] could not read dos header from C:\Windows\WinSxS\x86_avast.vc140.crt_fcc99ee6193ebbca_14.0.24210.0_none_9e58d6f8311e6fc8\api-ms-win-crt-math-l1-1-0.dll
[0912/181605:ERROR:process_reader_win.cc(233)] ReadMemory at 0x72880000 of 64 bytes failed: Only part of a ReadProcessMemory or WriteProcessMemory request was completed. (0x12B)
[0912/181605:WARNING:pe_image_reader.cc(281)] could not read dos header from C:\Windows\WinSxS\x86_avast.vc140.crt_fcc99ee6193ebbca_14.0.24210.0_none_9e58d6f8311e6fc8\api-ms-win-crt-multibyte-l1-1-0.dll
[0912/181605:ERROR:process_reader_win.cc(233)] ReadMemory at 0x72870000 of 64 bytes failed: Only part of a ReadProcessMemory or WriteProcessMemory request was completed. (0x12B)
[0912/181605:WARNING:pe_image_reader.cc(281)] could not read dos header from C:\Windows\WinSxS\x86_avast.vc140.crt_fcc99ee6193ebbca_14.0.24210.0_none_9e58d6f8311e6fc8\api-ms-win-crt-time-l1-1-0.dll
[0912/181605:ERROR:process_reader_win.cc(233)] ReadMemory at 0x72860000 of 64 bytes failed: Only part of a ReadProcessMemory or WriteProcessMemory request was completed. (0x12B)
[0912/181605:WARNING:pe_image_reader.cc(281)] could not read dos header from C:\Windows\WinSxS\x86_avast.vc140.crt_fcc99ee6193ebbca_14.0.24210.0_none_9e58d6f8311e6fc8\api-ms-win-crt-filesystem-l1-1-0.dll
[0912/181605:ERROR:process_reader_win.cc(233)] ReadMemory at 0x72850000 of 64 bytes failed: Only part of a ReadProcessMemory or WriteProcessMemory request was completed. (0x12B)
[0912/181605:WARNING:pe_image_reader.cc(281)] could not read dos header from C:\Windows\WinSxS\x86_avast.vc140.crt_fcc99ee6193ebbca_14.0.24210.0_none_9e58d6f8311e6fc8\api-ms-win-crt-environment-l1-1-0.dll
[0912/181605:ERROR:process_reader_win.cc(233)] ReadMemory at 0x72840000 of 64 bytes failed: Only part of a ReadProcessMemory or WriteProcessMemory request was completed. (0x12B)
[0912/181605:WARNING:pe_image_reader.cc(281)] could not read dos header from C:\Windows\WinSxS\x86_avast.vc140.crt_fcc99ee6193ebbca_14.0.24210.0_none_9e58d6f8311e6fc8\api-ms-win-crt-utility-l1-1-0.dll
[0912/181605:ERROR:process_reader_win.cc(233)] ReadMemory at 0x728b0000 of 64 bytes failed: Only part of a ReadProcessMemory or WriteProcessMemory request was completed. (0x12B)
[0912/181605:WARNING:pe_image_reader.cc(281)] could not read dos header from C:\Windows\WinSxS\x86_avast.vc140.crt_fcc99ee6193ebbca_14.0.24210.0_none_9e58d6f8311e6fc8\MSVCP140.dll
[0912/181605:ERROR:process_reader_win.cc(233)] ReadMemory at 0x72920000 of 64 bytes failed: Only part of a ReadProcessMemory or WriteProcessMemory request was completed. (0x12B)
[0912/181605:WARNING:pe_image_reader.cc(281)] could not read dos header from C:\PROGRA~1\AVASTS~1\Avast\aswCmnOS.dll
[0912/181605:ERROR:process_reader_win.cc(233)] ReadMemory at 0x73260000 of 64 bytes failed: Only part of a ReadProcessMemory or WriteProcessMemory request was completed. (0x12B)
[0912/181605:WARNING:pe_image_reader.cc(281)] could not read dos header from C:\PROGRA~1\AVASTS~1\Avast\aswCmnBS.dll
[0912/181605:ERROR:process_reader_win.cc(233)] ReadMemory at 0x71b60000 of 64 bytes failed: Only part of a ReadProcessMemory or WriteProcessMemory request was completed. (0x12B)
[0912/181605:WARNING:pe_image_reader.cc(281)] could not read dos header from C:\Windows\system32\netutils.dll
[0912/181605:ERROR:process_reader_win.cc(233)] ReadMemory at 0x71b40000 of 64 bytes failed: Only part of a ReadProcessMemory or WriteProcessMemory request was completed. (0x12B)
[0912/181605:WARNING:pe_image_reader.cc(281)] could not read dos header from C:\Windows\system32\srvcli.dll
[0912/181605:ERROR:process_reader_win.cc(233)] ReadMemory at 0x71b30000 of 64 bytes failed: Only part of a ReadProcessMemory or WriteProcessMemory request was completed. (0x12B)
[0912/181605:WARNING:pe_image_reader.cc(281)] could not read dos header from C:\Windows\system32\wkscli.dll
[0912/181605:ERROR:process_reader_win.cc(233)] ReadMemory at 0x71b70000 of 64 bytes failed: Only part of a ReadProcessMemory or WriteProcessMemory request was completed. (0x12B)
[0912/181605:WARNING:pe_image_reader.cc(281)] could not read dos header from C:\Windows\system32\NETAPI32.dll
[0912/181605:ERROR:process_reader_win.cc(233)] ReadMemory at 0x72820000 of 64 bytes failed: Only part of a ReadProcessMemory or WriteProcessMemory request was completed. (0x12B)
[0912/181605:WARNING:pe_image_reader.cc(281)] could not read dos header from C:\PROGRA~1\AVASTS~1\Avast\log.dll
[0912/181605:ERROR:process_reader_win.cc(233)] ReadMemory at 0x72560000 of 64 bytes failed: Only part of a ReadProcessMemory or WriteProcessMemory request was completed. (0x12B)
[0912/181605:WARNING:pe_image_reader.cc(281)] could not read dos header from C:\Windows\system32\DNSAPI.dll
[0912/181605:ERROR:process_reader_win.cc(233)] ReadMemory at 0x72660000 of 64 bytes failed: Only part of a ReadProcessMemory or WriteProcessMemory request was completed. (0x12B)
[0912/181605:WARNING:pe_image_reader.cc(281)] could not read dos header from C:\PROGRA~1\AVASTS~1\Avast\commchannel.dll
[0912/181605:ERROR:process_reader_win.cc(233)] ReadMemory at 0x71f30000 of 64 bytes failed: Only part of a ReadProcessMemory or WriteProcessMemory request was completed. (0x12B)
[0912/181605:WARNING:pe_image_reader.cc(281)] could not read dos header from C:\PROGRA~1\AVASTS~1\Avast\JsonRpcServer.dll
[0912/181605:ERROR:process_reader_win.cc(233)] ReadMemory at 0x72540000 of 64 bytes failed: Only part of a ReadProcessMemory or WriteProcessMemory request was completed. (0x12B)
[0912/181605:WARNING:pe_image_reader.cc(281)] could not read dos header from C:\PROGRA~1\AVASTS~1\Avast\avastIP.dll
[0912/181605:ERROR:process_reader_win.cc(233)] ReadMemory at 0x724f0000 of 64 bytes failed: Only part of a ReadProcessMemory or WriteProcessMemory request was completed. (0x12B)
[0912/181605:WARNING:pe_image_reader.cc(281)] could not read dos header from C:\PROGRA~1\AVASTS~1\Avast\aswEngLdr.dll
[0912/181605:ERROR:process_reader_win.cc(233)] ReadMemory at 0x71ae0000 of 64 bytes failed: Only part of a ReadProcessMemory or WriteProcessMemory request was completed. (0x12B)
[0912/181605:WARNING:pe_image_reader.cc(281)] could not read dos header from C:\PROGRA~1\AVASTS~1\Avast\AavmRpch.dll
[0912/181605:ERROR:process_reader_win.cc(233)] ReadMemory at 0x72700000 of 64 bytes failed: Only part of a ReadProcessMemory or WriteProcessMemory request was completed. (0x12B)
[0912/181605:WARNING:pe_image_reader.cc(281)] could not read dos header from C:\Windows\system32\WSOCK32.dll
[0912/181605:ERROR:process_reader_win.cc(233)] ReadMemory at 0x76060000 of 64 bytes failed: Only part of a ReadProcessMemory or WriteProcessMemory request was completed. (0x12B)
[0912/181605:WARNING:pe_image_reader.cc(281)] could not read dos header from C:\Windows\syswow64\CFGMGR32.dll
[0912/181605:ERROR:process_reader_win.cc(233)] ReadMemory at 0x76b70000 of 64 bytes failed: Only part of a ReadProcessMemory or WriteProcessMemory request was completed. (0x12B)
[0912/181605:WARNING:pe_image_reader.cc(281)] could not read dos header from C:\Windows\syswow64\DEVOBJ.dll
[0912/181605:ERROR:process_reader_win.cc(233)] ReadMemory at 0x75ec0000 of 64 bytes failed: Only part of a ReadProcessMemory or WriteProcessMemory request was completed. (0x12B)
[0912/181605:WARNING:pe_image_reader.cc(281)] could not read dos header from C:\Windows\syswow64\SETUPAPI.dll
[0912/181605:ERROR:process_reader_win.cc(233)] ReadMemory at 0x76660000 of 64 bytes failed: Only part of a ReadProcessMemory or WriteProcessMemory request was completed. (0x12B)
[0912/181605:WARNING:pe_image_reader.cc(281)] could not read dos header from C:\Windows\syswow64\api-ms-win-downlevel-user32-l1-1-0.dll
[0912/181605:ERROR:process_reader_win.cc(233)] ReadMemory at 0x74ae0000 of 64 bytes failed: Only part of a ReadProcessMemory or WriteProcessMemory request was completed. (0x12B)
[0912/181605:WARNING:pe_image_reader.cc(281)] could not read dos header from C:\Windows\syswow64\api-ms-win-downlevel-shlwapi-l1-1-0.dll
[0912/181605:ERROR:process_reader_win.cc(233)] ReadMemory at 0x76780000 of 64 bytes failed: Only part of a ReadProcessMemory or WriteProcessMemory request was completed. (0x12B)
[0912/181605:WARNING:pe_image_reader.cc(281)] could not read dos header from C:\Windows\syswow64\api-ms-win-downlevel-version-l1-1-0.dll
[0912/181605:ERROR:process_reader_win.cc(233)] ReadMemory at 0x76aa0000 of 64 bytes failed: Only part of a ReadProcessMemory or WriteProcessMemory request was completed. (0x12B)
[0912/181605:WARNING:pe_image_reader.cc(281)] could not read dos header from C:\Windows\syswow64\api-ms-win-downlevel-normaliz-l1-1-0.dll
[0912/181605:ERROR:process_reader_win.cc(233)] ReadMemory at 0x75a80000 of 64 bytes failed: Only part of a ReadProcessMemory or WriteProcessMemory request was completed. (0x12B)
[0912/181605:WARNING:pe_image_reader.cc(281)] could not read dos header from C:\Windows\syswow64\normaliz.DLL
[0912/181605:ERROR:process_reader_win.cc(233)] ReadMemory at 0x75a70000 of 64 bytes failed: Only part of a ReadProcessMemory or WriteProcessMemory request was completed. (0x12B)
[0912/181605:WARNING:pe_image_reader.cc(281)] could not read dos header from C:\Windows\syswow64\api-ms-win-downlevel-advapi32-l1-1-0.dll
[0912/181605:ERROR:process_reader_win.cc(233)] ReadMemory at 0x75770000 of 64 bytes failed: Only part of a ReadProcessMemory or WriteProcessMemory request was completed. (0x12B)
[0912/181605:WARNING:pe_image_reader.cc(281)] could not read dos header from C:\Windows\syswow64\iertutil.dll
[0912/181605:ERROR:process_reader_win.cc(233)] ReadMemory at 0x76210000 of 64 bytes failed: Only part of a ReadProcessMemory or WriteProcessMemory request was completed. (0x12B)
[0912/181605:WARNING:pe_image_reader.cc(281)] could not read dos header from C:\Windows\syswow64\WININET.dll
[0912/181605:ERROR:process_reader_win.cc(233)] ReadMemory at 0x72710000 of 64 bytes failed: Only part of a ReadProcessMemory or WriteProcessMemory request was completed. (0x12B)
[0912/181605:WARNING:pe_image_reader.cc(281)] could not read dos header from C:\PROGRA~1\AVASTS~1\Avast\ashBase.dll
[0912/181605:ERROR:process_reader_win.cc(233)] ReadMemory at 0x71990000 of 64 bytes failed: Only part of a ReadProcessMemory or WriteProcessMemory request was completed. (0x12B)
[0912/181605:WARNING:pe_image_reader.cc(281)] could not read dos header from C:\PROGRA~1\AVASTS~1\Avast\aswAux.dll
[0912/181605:ERROR:process_reader_win.cc(233)] ReadMemory at 0x71a70000 of 64 bytes failed: Only part of a ReadProcessMemory or WriteProcessMemory request was completed. (0x12B)
[0912/181605:WARNING:pe_image_reader.cc(281)] could not read dos header from C:\PROGRA~1\AVASTS~1\Avast\ashTask.dll
[0912/181605:ERROR:process_reader_win.cc(233)] ReadMemory at 0x71b90000 of 64 bytes failed: Only part of a ReadProcessMemory or WriteProcessMemory request was completed. (0x12B)
[0912/181605:WARNING:pe_image_reader.cc(281)] could not read dos header from C:\PROGRA~1\AVASTS~1\Avast\Aavm4h.dll
[0912/181605:ERROR:process_reader_win.cc(233)] ReadMemory at 0x6df90000 of 64 bytes failed: Only part of a ReadProcessMemory or WriteProcessMemory request was completed. (0x12B)
[0912/181605:WARNING:pe_image_reader.cc(281)] could not read dos header from C:\Windows\system32\dwrite.dll
[0912/181605:ERROR:process_reader_win.cc(99)] process 3792 not found
[0912/181605:ERROR:process_reader_win.cc(233)] ReadMemory at 0xb20000 of 64 bytes failed: Only part of a ReadProcessMemory or WriteProcessMemory request was completed. (0x12B)
[0912/181605:WARNING:pe_image_reader.cc(281)] could not read dos header from C:\Program Files (x86)\Google\Chrome\Application\chrome.exe
[0912/181605:ERROR:process_reader_win.cc(233)] ReadMemory at 0x77130000 of 64 bytes failed: Only part of a ReadProcessMemory or WriteProcessMemory request was completed. (0x12B)
[0912/181605:WARNING:pe_image_reader.cc(281)] could not read dos header from C:\Windows\SysWOW64\ntdll.dll
[0912/181605:ERROR:process_reader_win.cc(233)] ReadMemory at 0x76880000 of 64 bytes failed: Only part of a ReadProcessMemory or WriteProcessMemory request was completed. (0x12B)
[0912/181605:WARNING:pe_image_reader.cc(281)] could not read dos header from C:\Windows\syswow64\KERNELBASE.dll
[0912/181605:ERROR:process_reader_win.cc(233)] ReadMemory at 0x75d30000 of 64 bytes failed: Only part of a ReadProcessMemory or WriteProcessMemory request was completed. (0x12B)
[0912/181605:WARNING:pe_image_reader.cc(281)] could not read dos header from C:\Windows\syswow64\KERNEL32.dll
[0912/181605:ERROR:process_reader_win.cc(233)] ReadMemory at 0x6e150000 of 64 bytes failed: Only part of a ReadProcessMemory or WriteProcessMemory request was completed. (0x12B)
[0912/181605:WARNING:pe_image_reader.cc(281)] could not read dos header from C:\Program Files\AVAST Software\Avast\snxhk.dll
[0912/181605:ERROR:process_reader_win.cc(233)] ReadMemory at 0x76160000 of 64 bytes failed: Only part of a ReadProcessMemory or WriteProcessMemory request was completed. (0x12B)
[0912/181605:WARNING:pe_image_reader.cc(281)] could not read dos header from C:\Windows\syswow64\msvcrt.dll
[0912/181605:ERROR:process_reader_win.cc(233)] ReadMemory at 0x74a70000 of 64 bytes failed: Only part of a ReadProcessMemory or WriteProcessMemory request was completed. (0x12B)
[0912/181605:WARNING:pe_image_reader.cc(281)] could not read dos header from C:\Windows\syswow64\CRYPTBASE.dll
[0912/181605:ERROR:process_reader_win.cc(233)] ReadMemory at 0x74a80000 of 64 bytes failed: Only part of a ReadProcessMemory or WriteProcessMemory request was completed. (0x12B)
[0912/181605:WARNING:pe_image_reader.cc(281)] could not read dos header from C:\Windows\syswow64\SspiCli.dll
[0912/181605:ERROR:process_reader_win.cc(233)] ReadMemory at 0x76790000 of 64 bytes failed: Only part of a ReadProcessMemory or WriteProcessMemory request was completed. (0x12B)
[0912/181605:WARNING:pe_image_reader.cc(281)] could not read dos header from C:\Windows\syswow64\RPCRT4.dll
[0912/181605:ERROR:process_reader_win.cc(233)] ReadMemory at 0x76420000 of 64 bytes failed: Only part of a ReadProcessMemory or WriteProcessMemory request was completed. (0x12B)
[0912/181605:WARNING:pe_image_reader.cc(281)] could not read dos header from C:\Windows\SysWOW64\sechost.dll
[0912/181605:ERROR:process_reader_win.cc(233)] ReadMemory at 0x75a90000 of 64 bytes failed: Only part of a ReadProcessMemory or WriteProcessMemory request was completed. (0x12B)
[0912/181605:WARNING:pe_image_reader.cc(281)] could not read dos header from C:\Windows\syswow64\ADVAPI32.dll
[0912/181605:ERROR:process_reader_win.cc(233)] ReadMemory at 0x73a80000 of 64 bytes failed: Only part of a ReadProcessMemory or WriteProcessMemory request was completed. (0x12B)
[0912/181605:WARNING:pe_image_reader.cc(281)] could not read dos header from C:\Program Files (x86)\Google\Chrome\Application\52.0.2743.116\chrome_elf.dll
[0912/181605:ERROR:process_reader_win.cc(233)] ReadMemory at 0x732c0000 of 64 bytes failed: Only part of a ReadProcessMemory or WriteProcessMemory request was completed. (0x12B)
[0912/181605:WARNING:pe_image_reader.cc(281)] could not read dos header from C:\Windows\system32\VERSION.dll
[0912/181605:ERROR:process_reader_win.cc(233)] ReadMemory at 0x76ad0000 of 64 bytes failed: Only part of a ReadProcessMemory or WriteProcessMemory request was completed. (0x12B)
[0912/181605:WARNING:pe_image_reader.cc(281)] could not read dos header from C:\Windows\syswow64\USP10.dll
[0912/181605:ERROR:process_reader_win.cc(233)] ReadMemory at 0x76930000 of 64 bytes failed: Only part of a ReadProcessMemory or WriteProcessMemory request was completed. (0x12B)
[0912/181605:WARNING:pe_image_reader.cc(281)] could not read dos header from C:\Windows\syswow64\LPK.dll
[0912/181605:ERROR:process_reader_win.cc(233)] ReadMemory at 0x764d0000 of 64 bytes failed: Only part of a ReadProcessMemory or WriteProcessMemory request was completed. (0x12B)
[0912/181605:WARNING:pe_image_reader.cc(281)] could not read dos header from C:\Windows\syswow64\GDI32.dll
[0912/181605:ERROR:process_reader_win.cc(233)] ReadMemory at 0x76680000 of 64 bytes failed: Only part of a ReadProcessMemory or WriteProcessMemory request was completed. (0x12B)
[0912/181605:WARNING:pe_image_reader.cc(281)] could not read dos header from C:\Windows\syswow64\USER32.dll
[0912/181605:ERROR:process_reader_win.cc(233)] ReadMemory at 0x739f0000 of 64 bytes failed: Only part of a ReadProcessMemory or WriteProcessMemory request was completed. (0x12B)
[0912/181605:WARNING:pe_image_reader.cc(281)] could not read dos header from C:\Windows\system32\WINMM.dll
[0912/181605:ERROR:process_reader_win.cc(233)] ReadMemory at 0x76670000 of 64 bytes failed: Only part of a ReadProcessMemory or WriteProcessMemory request was completed. (0x12B)
[0912/181605:WARNING:pe_image_reader.cc(281)] could not read dos header from C:\Windows\syswow64\profapi.dll
[0912/181605:ERROR:process_reader_win.cc(233)] ReadMemory at 0x76ab0000 of 64 bytes failed: Only part of a ReadProcessMemory or WriteProcessMemory request was completed. (0x12B)
[0912/181605:WARNING:pe_image_reader.cc(281)] could not read dos header from C:\Windows\syswow64\USERENV.dll
[0912/181605:ERROR:process_reader_win.cc(233)] ReadMemory at 0x72340000 of 64 bytes failed: Only part of a ReadProcessMemory or WriteProcessMemory request was completed. (0x12B)
[0912/181605:WARNING:pe_image_reader.cc(281)] could not read dos header from C:\Windows\system32\WTSAPI32.dll
[0912/181605:ERROR:process_reader_win.cc(233)] ReadMemory at 0x725b0000 of 64 bytes failed: Only part of a ReadProcessMemory or WriteProcessMemory request was completed. (0x12B)
[0912/181605:WARNING:pe_image_reader.cc(281)] could not read dos header from C:\Windows\system32\webio.dll
[0912/181605:ERROR:process_reader_win.cc(233)] ReadMemory at 0x72600000 of 64 bytes failed: Only part of a ReadProcessMemory or WriteProcessMemory request was completed. (0x12B)
[0912/181605:WARNING:pe_image_reader.cc(281)] could not read dos header from C:\Windows\system32\WINHTTP.dll
[0912/181605:ERROR:process_reader_win.cc(233)] ReadMemory at 0x71350000 of 64 bytes failed: Only part of a ReadProcessMemory or WriteProcessMemory request was completed. (0x12B)
[0912/181605:WARNING:pe_image_reader.cc(281)] could not read dos header from C:\Windows\system32\api-ms-win-core-synch-l1-2-0.DLL
[0912/181605:ERROR:process_reader_win.cc(233)] ReadMemory at 0x76090000 of 64 bytes failed: Only part of a ReadProcessMemory or WriteProcessMemory request was completed. (0x12B)
[0912/181605:WARNING:pe_image_reader.cc(281)] could not read dos header from C:\Windows\syswow64\MSCTF.dll
[0912/181605:ERROR:process_reader_win.cc(233)] ReadMemory at 0x75e50000 of 64 bytes failed: Only part of a ReadProcessMemory or WriteProcessMemory request was completed. (0x12B)
[0912/181605:WARNING:pe_image_reader.cc(281)] could not read dos header from C:\Windows\system32\IMM32.DLL
[0912/181605:ERROR:process_reader_win.cc(233)] ReadMemory at 0x768d0000 of 64 bytes failed: Only part of a ReadProcessMemory or WriteProcessMemory request was completed. (0x12B)
[0912/181605:WARNING:pe_image_reader.cc(281)] could not read dos header from C:\Windows\syswow64\SHLWAPI.dll
[0912/181605:ERROR:process_reader_win.cc(233)] ReadMemory at 0x74af0000 of 64 bytes failed: Only part of a ReadProcessMemory or WriteProcessMemory request was completed. (0x12B)
[0912/181605:WARNING:pe_image_reader.cc(281)] could not read dos header from C:\Windows\syswow64\SHELL32.dll
[0912/181605:ERROR:process_reader_win.cc(233)] ReadMemory at 0x76560000 of 64 bytes failed: Only part of a ReadProcessMemory or WriteProcessMemory request was completed. (0x12B)
[0912/181605:WARNING:pe_image_reader.cc(281)] could not read dos header from C:\Windows\syswow64\PSAPI.DLL
[0912/181605:ERROR:process_reader_win.cc(233)] ReadMemory at 0x732d0000 of 64 bytes failed: Only part of a ReadProcessMemory or WriteProcessMemory request was completed. (0x12B)
[0912/181605:WARNING:pe_image_reader.cc(281)] could not read dos header from C:\Windows\system32\WINSPOOL.DRV
[0912/181605:ERROR:process_reader_win.cc(233)] ReadMemory at 0x70130000 of 64 bytes failed: Only part of a ReadProcessMemory or WriteProcessMemory request was completed. (0x12B)
[0912/181605:WARNING:pe_image_reader.cc(281)] could not read dos header from C:\Windows\WinSxS\x86_microsoft.windows.common-controls_6595b64144ccf1df_6.0.7601.18837_none_41e855142bd5705d\COMCTL32.dll
[0912/181605:ERROR:process_reader_win.cc(233)] ReadMemory at 0x75b40000 of 64 bytes failed: Only part of a ReadProcessMemory or WriteProcessMemory request was completed. (0x12B)
[0912/181605:WARNING:pe_image_reader.cc(281)] could not read dos header from C:\Windows\syswow64\COMDLG32.dll
[0912/181605:ERROR:process_reader_win.cc(233)] ReadMemory at 0x76940000 of 64 bytes failed: Only part of a ReadProcessMemory or WriteProcessMemory request was completed. (0x12B)
[0912/181605:WARNING:pe_image_reader.cc(281)] could not read dos header from C:\Windows\syswow64\ole32.dll
[0912/181605:ERROR:process_reader_win.cc(233)] ReadMemory at 0x76440000 of 64 bytes failed: Only part of a ReadProcessMemory or WriteProcessMemory request was completed. (0x12B)
[0912/181605:WARNING:pe_image_reader.cc(281)] could not read dos header from C:\Windows\syswow64\OLEAUT32.dll
[0912/181605:ERROR:process_reader_win.cc(233)] ReadMemory at 0x75e40000 of 64 bytes failed: Only part of a ReadProcessMemory or WriteProcessMemory request was completed. (0x12B)
[0912/181605:WARNING:pe_image_reader.cc(281)] could not read dos header from C:\Windows\syswow64\NSI.dll
[0912/181605:ERROR:process_reader_win.cc(233)] ReadMemory at 0x72510000 of 64 bytes failed: Only part of a ReadProcessMemory or WriteProcessMemory request was completed. (0x12B)
[0912/181605:WARNING:pe_image_reader.cc(281)] could not read dos header from C:\Windows\system32\WINNSI.DLL
[0912/181605:ERROR:process_reader_win.cc(233)] ReadMemory at 0x72520000 of 64 bytes failed: Only part of a ReadProcessMemory or WriteProcessMemory request was completed. (0x12B)
[0912/181605:WARNING:pe_image_reader.cc(281)] could not read dos header from C:\Windows\system32\IPHLPAPI.DLL
[0912/181605:ERROR:process_reader_win.cc(233)] ReadMemory at 0x75bc0000 of 64 bytes failed: Only part of a ReadProcessMemory or WriteProcessMemory request was completed. (0x12B)
[0912/181605:WARNING:pe_image_reader.cc(281)] could not read dos header from C:\Windows\syswow64\WS2_32.dll
[0912/181605:ERROR:process_reader_win.cc(233)] ReadMemory at 0x75eb0000 of 64 bytes failed: Only part of a ReadProcessMemory or WriteProcessMemory request was completed. (0x12B)
[0912/181605:WARNING:pe_image_reader.cc(281)] could not read dos header from C:\Windows\syswow64\MSASN1.dll
[0912/181605:ERROR:process_reader_win.cc(233)] ReadMemory at 0x75c00000 of 64 bytes failed: Only part of a ReadProcessMemory or WriteProcessMemory request was completed. (0x12B)
[0912/181605:WARNING:pe_image_reader.cc(281)] could not read dos header from C:\Windows\syswow64\CRYPT32.dll
[0912/181605:ERROR:process_reader_win.cc(233)] ReadMemory at 0x75740000 of 64 bytes failed: Only part of a ReadProcessMemory or WriteProcessMemory request was completed. (0x12B)
[0912/181605:WARNING:pe_image_reader.cc(281)] could not read dos header from C:\Windows\syswow64\WINTRUST.dll
[0912/181605:ERROR:process_reader_win.cc(233)] ReadMemory at 0x71600000 of 64 bytes failed: Only part of a ReadProcessMemory or WriteProcessMemory request was completed. (0x12B)
[0912/181605:WARNING:pe_image_reader.cc(281)] could not read dos header from C:\Windows\system32\Secur32.dll
[0912/181605:ERROR:process_reader_win.cc(233)] ReadMemory at 0x5dc80000 of 64 bytes failed: Only part of a ReadProcessMemory or WriteProcessMemory request was completed. (0x12B)
[0912/181605:WARNING:pe_image_reader.cc(281)] could not read dos header from C:\Program Files (x86)\Google\Chrome\Application\52.0.2743.116\chrome_child.dll
[0912/181605:ERROR:process_reader_win.cc(233)] ReadMemory at 0x6f3e0000 of 64 bytes failed: Only part of a ReadProcessMemory or WriteProcessMemory request was completed. (0x12B)
[0912/181605:WARNING:pe_image_reader.cc(281)] could not read dos header from C:\Program Files\AVAST Software\Avast\aswJsFlt.dll
[0912/181605:ERROR:process_reader_win.cc(233)] ReadMemory at 0x72ae0000 of 64 bytes failed: Only part of a ReadProcessMemory or WriteProcessMemory request was completed. (0x12B)
[0912/181605:WARNING:pe_image_reader.cc(281)] could not read dos header from C:\Windows\WinSxS\x86_avast.vc140.crt_fcc99ee6193ebbca_14.0.24210.0_none_9e58d6f8311e6fc8\api-ms-win-crt-runtime-l1-1-0.dll
[0912/181605:ERROR:process_reader_win.cc(233)] ReadMemory at 0x729e0000 of 64 bytes failed: Only part of a ReadProcessMemory or WriteProcessMemory request was completed. (0x12B)
[0912/181605:WARNING:pe_image_reader.cc(281)] could not read dos header from C:\Windows\WinSxS\x86_avast.vc140.crt_fcc99ee6193ebbca_14.0.24210.0_none_9e58d6f8311e6fc8\api-ms-win-core-timezone-l1-1-0.dll
[0912/181605:ERROR:process_reader_win.cc(233)] ReadMemory at 0x729d0000 of 64 bytes failed: Only part of a ReadProcessMemory or WriteProcessMemory request was completed. (0x12B)
[0912/181605:WARNING:pe_image_reader.cc(281)] could not read dos header from C:\Windows\WinSxS\x86_avast.vc140.crt_fcc99ee6193ebbca_14.0.24210.0_none_9e58d6f8311e6fc8\api-ms-win-core-file-l2-1-0.dll
[0912/181605:ERROR:process_reader_win.cc(233)] ReadMemory at 0x729c0000 of 64 bytes failed: Only part of a ReadProcessMemory or WriteProcessMemory request was completed. (0x12B)
[0912/181605:WARNING:pe_image_reader.cc(281)] could not read dos header from C:\Windows\WinSxS\x86_avast.vc140.crt_fcc99ee6193ebbca_14.0.24210.0_none_9e58d6f8311e6fc8\api-ms-win-core-localization-l1-2-0.dll
[0912/181605:ERROR:process_reader_win.cc(233)] ReadMemory at 0x729b0000 of 64 bytes failed: Only part of a ReadProcessMemory or WriteProcessMemory request was completed. (0x12B)
[0912/181605:WARNING:pe_image_reader.cc(281)] could not read dos header from C:\Windows\WinSxS\x86_avast.vc140.crt_fcc99ee6193ebbca_14.0.24210.0_none_9e58d6f8311e6fc8\api-ms-win-core-synch-l1-2-0.dll
[0912/181605:ERROR:process_reader_win.cc(233)] ReadMemory at 0x729a0000 of 64 bytes failed: Only part of a ReadProcessMemory or WriteProcessMemory request was completed. (0x12B)
[0912/181605:WARNING:pe_image_reader.cc(281)] could not read dos header from C:\Windows\WinSxS\x86_avast.vc140.crt_fcc99ee6193ebbca_14.0.24210.0_none_9e58d6f8311e6fc8\api-ms-win-core-processthreads-l1-1-1.dll
[0912/181605:ERROR:process_reader_win.cc(233)] ReadMemory at 0x72990000 of 64 bytes failed: Only part of a ReadProcessMemory or WriteProcessMemory request was completed. (0x12B)
[0912/181605:WARNING:pe_image_reader.cc(281)] could not read dos header from C:\Windows\WinSxS\x86_avast.vc140.crt_fcc99ee6193ebbca_14.0.24210.0_none_9e58d6f8311e6fc8\api-ms-win-core-file-l1-2-0.dll
[0912/181605:ERROR:process_reader_win.cc(233)] ReadMemory at 0x729f0000 of 64 bytes failed: Only part of a ReadProcessMemory or WriteProcessMemory request was completed. (0x12B)
[0912/181605:WARNING:pe_image_reader.cc(281)] could not read dos header from C:\Windows\WinSxS\x86_avast.vc140.crt_fcc99ee6193ebbca_14.0.24210.0_none_9e58d6f8311e6fc8\ucrtbase.DLL
[0912/181605:ERROR:process_reader_win.cc(233)] ReadMemory at 0x72980000 of 64 bytes failed: Only part of a ReadProcessMemory or WriteProcessMemory request was completed. (0x12B)
[0912/181605:WARNING:pe_image_reader.cc(281)] could not read dos header from C:\Windows\WinSxS\x86_avast.vc140.crt_fcc99ee6193ebbca_14.0.24210.0_none_9e58d6f8311e6fc8\api-ms-win-crt-string-l1-1-0.dll
[0912/181605:ERROR:process_reader_win.cc(233)] ReadMemory at 0x72970000 of 64 bytes failed: Only part of a ReadProcessMemory or WriteProcessMemory request was completed. (0x12B)
[0912/181605:WARNING:pe_image_reader.cc(281)] could not read dos header from C:\Windows\WinSxS\x86_avast.vc140.crt_fcc99ee6193ebbca_14.0.24210.0_none_9e58d6f8311e6fc8\api-ms-win-crt-heap-l1-1-0.dll
[0912/181605:ERROR:process_reader_win.cc(233)] ReadMemory at 0x72960000 of 64 bytes failed: Only part of a ReadProcessMemory or WriteProcessMemory request was completed. (0x12B)
[0912/181605:WARNING:pe_image_reader.cc(281)] could not read dos header from C:\Windows\WinSxS\x86_avast.vc140.crt_fcc99ee6193ebbca_14.0.24210.0_none_9e58d6f8311e6fc8\api-ms-win-crt-stdio-l1-1-0.dll
[0912/181605:ERROR:process_reader_win.cc(233)] ReadMemory at 0x72950000 of 64 bytes failed: Only part of a ReadProcessMemory or WriteProcessMemory request was completed. (0x12B)
[0912/181605:WARNING:pe_image_reader.cc(281)] could not read dos header from C:\Windows\WinSxS\x86_avast.vc140.crt_fcc99ee6193ebbca_14.0.24210.0_none_9e58d6f8311e6fc8\api-ms-win-crt-convert-l1-1-0.dll
[0912/181605:ERROR:process_reader_win.cc(233)] ReadMemory at 0x72b00000 of 64 bytes failed: Only part of a ReadProcessMemory or WriteProcessMemory request was completed. (0x12B)
[0912/181605:WARNING:pe_image_reader.cc(281)] could not read dos header from C:\Windows\WinSxS\x86_avast.vc140.crt_fcc99ee6193ebbca_14.0.24210.0_none_9e58d6f8311e6fc8\VCRUNTIME140.dll
[0912/181605:ERROR:process_reader_win.cc(233)] ReadMemory at 0x73200000 of 64 bytes failed: Only part of a ReadProcessMemory or WriteProcessMemory request was completed. (0x12B)
[0912/181605:WARNING:pe_image_reader.cc(281)] could not read dos header from C:\PROGRA~1\AVASTS~1\Avast\aswCmnIS.dll
[0912/181605:ERROR:process_reader_win.cc(233)] ReadMemory at 0x728a0000 of 64 bytes failed: Only part of a ReadProcessMemory or WriteProcessMemory request was completed. (0x12B)
[0912/181605:WARNING:pe_image_reader.cc(281)] could not read dos header from C:\Windows\WinSxS\x86_avast.vc140.crt_fcc99ee6193ebbca_14.0.24210.0_none_9e58d6f8311e6fc8\api-ms-win-crt-locale-l1-1-0.dll
[0912/181605:ERROR:process_reader_win.cc(233)] ReadMemory at 0x72890000 of 64 bytes failed: Only part of a ReadProcessMemory or WriteProcessMemory request was completed. (0x12B)
[0912/181605:WARNING:pe_image_reader.cc(281)] could not read dos header from C:\Windows\WinSxS\x86_avast.vc140.crt_fcc99ee6193ebbca_14.0.24210.0_none_9e58d6f8311e6fc8\api-ms-win-crt-math-l1-1-0.dll
[0912/181605:ERROR:process_reader_win.cc(233)] ReadMemory at 0x72880000 of 64 bytes failed: Only part of a ReadProcessMemory or WriteProcessMemory request was completed. (0x12B)
[0912/181605:WARNING:pe_image_reader.cc(281)] could not read dos header from C:\Windows\WinSxS\x86_avast.vc140.crt_fcc99ee6193ebbca_14.0.24210.0_none_9e58d6f8311e6fc8\api-ms-win-crt-multibyte-l1-1-0.dll
[0912/181605:ERROR:process_reader_win.cc(233)] ReadMemory at 0x72870000 of 64 bytes failed: Only part of a ReadProcessMemory or WriteProcessMemory request was completed. (0x12B)
[0912/181605:WARNING:pe_image_reader.cc(281)] could not read dos header from C:\Windows\WinSxS\x86_avast.vc140.crt_fcc99ee6193ebbca_14.0.24210.0_none_9e58d6f8311e6fc8\api-ms-win-crt-time-l1-1-0.dll
[0912/181605:ERROR:process_reader_win.cc(233)] ReadMemory at 0x72860000 of 64 bytes failed: Only part of a ReadProcessMemory or WriteProcessMemory request was completed. (0x12B)
[0912/181605:WARNING:pe_image_reader.cc(281)] could not read dos header from C:\Windows\WinSxS\x86_avast.vc140.crt_fcc99ee6193ebbca_14.0.24210.0_none_9e58d6f8311e6fc8\api-ms-win-crt-filesystem-l1-1-0.dll
[0912/181605:ERROR:process_reader_win.cc(233)] ReadMemory at 0x72850000 of 64 bytes failed: Only part of a ReadProcessMemory or WriteProcessMemory request was completed. (0x12B)
[0912/181605:WARNING:pe_image_reader.cc(281)] could not read dos header from C:\Windows\WinSxS\x86_avast.vc140.crt_fcc99ee6193ebbca_14.0.24210.0_none_9e58d6f8311e6fc8\api-ms-win-crt-environment-l1-1-0.dll
[0912/181605:ERROR:process_reader_win.cc(233)] ReadMemory at 0x72840000 of 64 bytes failed: Only part of a ReadProcessMemory or WriteProcessMemory request was completed. (0x12B)
[0912/181605:WARNING:pe_image_reader.cc(281)] could not read dos header from C:\Windows\WinSxS\x86_avast.vc140.crt_fcc99ee6193ebbca_14.0.24210.0_none_9e58d6f8311e6fc8\api-ms-win-crt-utility-l1-1-0.dll
[0912/181605:ERROR:process_reader_win.cc(233)] ReadMemory at 0x728b0000 of 64 bytes failed: Only part of a ReadProcessMemory or WriteProcessMemory request was completed. (0x12B)
[0912/181605:WARNING:pe_image_reader.cc(281)] could not read dos header from C:\Windows\WinSxS\x86_avast.vc140.crt_fcc99ee6193ebbca_14.0.24210.0_none_9e58d6f8311e6fc8\MSVCP140.dll
[0912/181605:ERROR:process_reader_win.cc(233)] ReadMemory at 0x72920000 of 64 bytes failed: Only part of a ReadProcessMemory or WriteProcessMemory request was completed. (0x12B)
[0912/181605:WARNING:pe_image_reader.cc(281)] could not read dos header from C:\PROGRA~1\AVASTS~1\Avast\aswCmnOS.dll
[0912/181605:ERROR:process_reader_win.cc(233)] ReadMemory at 0x73260000 of 64 bytes failed: Only part of a ReadProcessMemory or WriteProcessMemory request was completed. (0x12B)
[0912/181605:WARNING:pe_image_reader.cc(281)] could not read dos header from C:\PROGRA~1\AVASTS~1\Avast\aswCmnBS.dll
[0912/181605:ERROR:process_reader_win.cc(233)] ReadMemory at 0x71b60000 of 64 bytes failed: Only part of a ReadProcessMemory or WriteProcessMemory request was completed. (0x12B)
[0912/181605:WARNING:pe_image_reader.cc(281)] could not read dos header from C:\Windows\system32\netutils.dll
[0912/181605:ERROR:process_reader_win.cc(233)] ReadMemory at 0x71b40000 of 64 bytes failed: Only part of a ReadProcessMemory or WriteProcessMemory request was completed. (0x12B)
[0912/181605:WARNING:pe_image_reader.cc(281)] could not read dos header from C:\Windows\system32\srvcli.dll
[0912/181605:ERROR:process_reader_win.cc(233)] ReadMemory at 0x71b30000 of 64 bytes failed: Only part of a ReadProcessMemory or WriteProcessMemory request was completed. (0x12B)
[0912/181605:WARNING:pe_image_reader.cc(281)] could not read dos header from C:\Windows\system32\wkscli.dll
[0912/181605:ERROR:process_reader_win.cc(233)] ReadMemory at 0x71b70000 of 64 bytes failed: Only part of a ReadProcessMemory or WriteProcessMemory request was completed. (0x12B)
[0912/181605:WARNING:pe_image_reader.cc(281)] could not read dos header from C:\Windows\system32\NETAPI32.dll
[0912/181605:ERROR:process_reader_win.cc(233)] ReadMemory at 0x72820000 of 64 bytes failed: Only part of a ReadProcessMemory or WriteProcessMemory request was completed. (0x12B)
[0912/181605:WARNING:pe_image_reader.cc(281)] could not read dos header from C:\PROGRA~1\AVASTS~1\Avast\log.dll
[0912/181605:ERROR:process_reader_win.cc(233)] ReadMemory at 0x72560000 of 64 bytes failed: Only part of a ReadProcessMemory or WriteProcessMemory request was completed. (0x12B)
[0912/181605:WARNING:pe_image_reader.cc(281)] could not read dos header from C:\Windows\system32\DNSAPI.dll
[0912/181605:ERROR:process_reader_win.cc(233)] ReadMemory at 0x72660000 of 64 bytes failed: Only part of a ReadProcessMemory or WriteProcessMemory request was completed. (0x12B)
[0912/181605:WARNING:pe_image_reader.cc(281)] could not read dos header from C:\PROGRA~1\AVASTS~1\Avast\commchannel.dll
[0912/181605:ERROR:process_reader_win.cc(233)] ReadMemory at 0x71f30000 of 64 bytes failed: Only part of a ReadProcessMemory or WriteProcessMemory request was completed. (0x12B)
[0912/181605:WARNING:pe_image_reader.cc(281)] could not read dos header from C:\PROGRA~1\AVASTS~1\Avast\JsonRpcServer.dll
[0912/181605:ERROR:process_reader_win.cc(233)] ReadMemory at 0x72540000 of 64 bytes failed: Only part of a ReadProcessMemory or WriteProcessMemory request was completed. (0x12B)
[0912/181605:WARNING:pe_image_reader.cc(281)] could not read dos header from C:\PROGRA~1\AVASTS~1\Avast\avastIP.dll
[0912/181605:ERROR:process_reader_win.cc(233)] ReadMemory at 0x724f0000 of 64 bytes failed: Only part of a ReadProcessMemory or WriteProcessMemory request was completed. (0x12B)
[0912/181605:WARNING:pe_image_reader.cc(281)] could not read dos header from C:\PROGRA~1\AVASTS~1\Avast\aswEngLdr.dll
[0912/181605:ERROR:process_reader_win.cc(233)] ReadMemory at 0x71ae0000 of 64 bytes failed: Only part of a ReadProcessMemory or WriteProcessMemory request was completed. (0x12B)
[0912/181605:WARNING:pe_image_reader.cc(281)] could not read dos header from C:\PROGRA~1\AVASTS~1\Avast\AavmRpch.dll
[0912/181605:ERROR:process_reader_win.cc(233)] ReadMemory at 0x72700000 of 64 bytes failed: Only part of a ReadProcessMemory or WriteProcessMemory request was completed. (0x12B)
[0912/181605:WARNING:pe_image_reader.cc(281)] could not read dos header from C:\Windows\system32\WSOCK32.dll
[0912/181605:ERROR:process_reader_win.cc(233)] ReadMemory at 0x76060000 of 64 bytes failed: Only part of a ReadProcessMemory or WriteProcessMemory request was completed. (0x12B)
[0912/181605:WARNING:pe_image_reader.cc(281)] could not read dos header from C:\Windows\syswow64\CFGMGR32.dll
[0912/181605:ERROR:process_reader_win.cc(233)] ReadMemory at 0x76b70000 of 64 bytes failed: Only part of a ReadProcessMemory or WriteProcessMemory request was completed. (0x12B)
[0912/181605:WARNING:pe_image_reader.cc(281)] could not read dos header from C:\Windows\syswow64\DEVOBJ.dll
[0912/181605:ERROR:process_reader_win.cc(233)] ReadMemory at 0x75ec0000 of 64 bytes failed: Only part of a ReadProcessMemory or WriteProcessMemory request was completed. (0x12B)
[0912/181605:WARNING:pe_image_reader.cc(281)] could not read dos header from C:\Windows\syswow64\SETUPAPI.dll
[0912/181605:ERROR:process_reader_win.cc(233)] ReadMemory at 0x76660000 of 64 bytes failed: Only part of a ReadProcessMemory or WriteProcessMemory request was completed. (0x12B)
[0912/181605:WARNING:pe_image_reader.cc(281)] could not read dos header from C:\Windows\syswow64\api-ms-win-downlevel-user32-l1-1-0.dll
[0912/181605:ERROR:process_reader_win.cc(233)] ReadMemory at 0x74ae0000 of 64 bytes failed: Only part of a ReadProcessMemory or WriteProcessMemory request was completed. (0x12B)
[0912/181605:WARNING:pe_image_reader.cc(281)] could not read dos header from C:\Windows\syswow64\api-ms-win-downlevel-shlwapi-l1-1-0.dll
[0912/181605:ERROR:process_reader_win.cc(233)] ReadMemory at 0x76780000 of 64 bytes failed: Only part of a ReadProcessMemory or WriteProcessMemory request was completed. (0x12B)
[0912/181605:WARNING:pe_image_reader.cc(281)] could not read dos header from C:\Windows\syswow64\api-ms-win-downlevel-version-l1-1-0.dll
[0912/181605:ERROR:process_reader_win.cc(233)] ReadMemory at 0x76aa0000 of 64 bytes failed: Only part of a ReadProcessMemory or WriteProcessMemory request was completed. (0x12B)
[0912/181605:WARNING:pe_image_reader.cc(281)] could not read dos header from C:\Windows\syswow64\api-ms-win-downlevel-normaliz-l1-1-0.dll
[0912/181605:ERROR:process_reader_win.cc(233)] ReadMemory at 0x75a80000 of 64 bytes failed: Only part of a ReadProcessMemory or WriteProcessMemory request was completed. (0x12B)
[0912/181605:WARNING:pe_image_reader.cc(281)] could not read dos header from C:\Windows\syswow64\normaliz.DLL
[0912/181605:ERROR:process_reader_win.cc(233)] ReadMemory at 0x75a70000 of 64 bytes failed: Only part of a ReadProcessMemory or WriteProcessMemory request was completed. (0x12B)
[0912/181605:WARNING:pe_image_reader.cc(281)] could not read dos header from C:\Windows\syswow64\api-ms-win-downlevel-advapi32-l1-1-0.dll
[0912/181605:ERROR:process_reader_win.cc(233)] ReadMemory at 0x75770000 of 64 bytes failed: Only part of a ReadProcessMemory or WriteProcessMemory request was completed. (0x12B)
[0912/181605:WARNING:pe_image_reader.cc(281)] could not read dos header from C:\Windows\syswow64\iertutil.dll
[0912/181605:ERROR:process_reader_win.cc(233)] ReadMemory at 0x76210000 of 64 bytes failed: Only part of a ReadProcessMemory or WriteProcessMemory request was completed. (0x12B)
[0912/181605:WARNING:pe_image_reader.cc(281)] could not read dos header from C:\Windows\syswow64\WININET.dll
[0912/181605:ERROR:process_reader_win.cc(233)] ReadMemory at 0x72710000 of 64 bytes failed: Only part of a ReadProcessMemory or WriteProcessMemory request was completed. (0x12B)
[0912/181605:WARNING:pe_image_reader.cc(281)] could not read dos header from C:\PROGRA~1\AVASTS~1\Avast\ashBase.dll
[0912/181605:ERROR:process_reader_win.cc(233)] ReadMemory at 0x71990000 of 64 bytes failed: Only part of a ReadProcessMemory or WriteProcessMemory request was completed. (0x12B)
[0912/181605:WARNING:pe_image_reader.cc(281)] could not read dos header from C:\PROGRA~1\AVASTS~1\Avast\aswAux.dll
[0912/181605:ERROR:process_reader_win.cc(233)] ReadMemory at 0x71a70000 of 64 bytes failed: Only part of a ReadProcessMemory or WriteProcessMemory request was completed. (0x12B)
[0912/181605:WARNING:pe_image_reader.cc(281)] could not read dos header from C:\PROGRA~1\AVASTS~1\Avast\ashTask.dll
[0912/181605:ERROR:process_reader_win.cc(233)] ReadMemory at 0x71b90000 of 64 bytes failed: Only part of a ReadProcessMemory or WriteProcessMemory request was completed. (0x12B)
[0912/181605:WARNING:pe_image_reader.cc(281)] could not read dos header from C:\PROGRA~1\AVASTS~1\Avast\Aavm4h.dll
[0912/181605:ERROR:process_reader_win.cc(233)] ReadMemory at 0x6df90000 of 64 bytes failed: Only part of a ReadProcessMemory or WriteProcessMemory request was completed. (0x12B)
[0912/181605:WARNING:pe_image_reader.cc(281)] could not read dos header from C:\Windows\system32\dwrite.dll
[0912/181605:ERROR:process_reader_win.cc(233)] ReadMemory at 0xbdfbb4 of 12 bytes failed: Only part of a ReadProcessMemory or WriteProcessMemory request was completed. (0x12B)
[0912/181605:WARNING:process_snapshot_win.cc(104)] ReadMemory ExceptionInformation failed
[0912/181605:WARNING:crash_report_exception_handler.cc(60)] ProcessSnapshotWin::InitializeException failed
[0912/181605:ERROR:scoped_process_suspend.cc(38)] NtResumeProcess, ntstatus=-1073741558
